#
# There is insufficient memory for the Java Runtime Environment to continue.
# Native memory allocation (malloc) failed to allocate 1396224 bytes. Error detail: Chunk::new
# Possible reasons:
#   The system is out of physical RAM or swap space
#   This process is running with CompressedOops enabled, and the Java Heap may be blocking the growth of the native heap
# Possible solutions:
#   Reduce memory load on the system
#   Increase physical memory or swap space
#   Check if swap backing store is full
#   Decrease Java heap size (-Xmx/-Xms)
#   Decrease number of Java threads
#   Decrease Java thread stack sizes (-Xss)
#   Set larger code cache with -XX:ReservedCodeCacheSize=
#   JVM is running with Unscaled Compressed Oops mode in which the Java heap is
#     placed in the first 4GB address space. The Java Heap base address is the
#     maximum limit for the native heap growth. Please use -XX:HeapBaseMinAddress
#     to set the Java Heap base and to place the Java Heap above 4GB virtual address.
# This output file may be truncated or incomplete.
#
#  Out of Memory Error (arena.cpp:168), pid=43612, tid=4012
#
# JRE version: OpenJDK Runtime Environment JBR-21.0.8+1-1038.68-jcef (21.0.8+1) (build 21.0.8+1-b1038.68)
# Java VM: OpenJDK 64-Bit Server VM JBR-21.0.8+1-1038.68-jcef (21.0.8+1-b1038.68, mixed mode, sharing, tiered, compressed oops, compressed class ptrs, g1 gc, windows-amd64)
# No core dump will be written. Minidumps are not enabled by default on client versions of Windows
#

---------------  S U M M A R Y ------------

Command Line: git4idea.http.GitAskPassApp Username for 'https://github.com': 

Host: AMD Ryzen 5 5625U with Radeon Graphics         , 12 cores, 7G,  Windows 11 , 64 bit Build 26100 (10.0.26100.6725)
Time: Wed Nov 12 13:23:34 2025 Eastern Standard Time elapsed time: 1.798827 seconds (0d 0h 0m 1s)

---------------  T H R E A D  ---------------

Current thread (0x000002689f059180):  JavaThread "C2 CompilerThread1" daemon [_thread_in_native, id=4012, stack(0x000000cdff500000,0x000000cdff600000) (1024K)]


Current CompileTask:
C2:1798 1078       4       sun.security.ec.ECOperations::setDouble (463 bytes)

Stack: [0x000000cdff500000,0x000000cdff600000]
Native frames: (J=compiled Java code, j=interpreted, Vv=VM code, C=native code)
V  [jvm.dll+0x6ebeb9]
V  [jvm.dll+0x8cbec3]
V  [jvm.dll+0x8ce47e]
V  [jvm.dll+0x8ceb63]
V  [jvm.dll+0x28adf6]
V  [jvm.dll+0xc6f3d]
V  [jvm.dll+0xc7473]
V  [jvm.dll+0x3c7aeb]
V  [jvm.dll+0x393697]
V  [jvm.dll+0x392b0a]
V  [jvm.dll+0x251d92]
V  [jvm.dll+0x251361]
V  [jvm.dll+0x1ceb64]
V  [jvm.dll+0x260bfe]
V  [jvm.dll+0x25f146]
V  [jvm.dll+0x402ee6]
V  [jvm.dll+0x873a78]
V  [jvm.dll+0x6ea63d]
C  [ucrtbase.dll+0x37b0]
C  [KERNEL32.DLL+0x2e8d7]
C  [ntdll.dll+0x8c53c]


---------------  P R O C E S S  ---------------

Threads class SMR info:
_java_thread_list=0x00000268e610f6b0, length=15, elements={
0x000002688694be10, 0x000002689f028160, 0x000002689f02af90, 0x000002689f02b600,
0x000002689f032420, 0x000002689f037e60, 0x000002689f0424f0, 0x000002689f042b60,
0x000002689f056870, 0x000002689f0583e0, 0x000002689f2d2f90, 0x00000268e60b4ea0,
0x00000268e60f7730, 0x00000268e60e1580, 0x000002689f059180
}

Java Threads: ( => current thread )
  0x000002688694be10 JavaThread "main"                              [_thread_blocked, id=43060, stack(0x000000cdfdf00000,0x000000cdfe000000) (1024K)]
  0x000002689f028160 JavaThread "Common-Cleaner"             daemon [_thread_blocked, id=35768, stack(0x000000cdfe700000,0x000000cdfe800000) (1024K)]
  0x000002689f02af90 JavaThread "Reference Handler"          daemon [_thread_blocked, id=22448, stack(0x000000cdfe800000,0x000000cdfe900000) (1024K)]
  0x000002689f02b600 JavaThread "Finalizer"                  daemon [_thread_blocked, id=8416, stack(0x000000cdfe900000,0x000000cdfea00000) (1024K)]
  0x000002689f032420 JavaThread "Signal Dispatcher"          daemon [_thread_blocked, id=24816, stack(0x000000cdfea00000,0x000000cdfeb00000) (1024K)]
  0x000002689f037e60 JavaThread "Attach Listener"            daemon [_thread_blocked, id=43280, stack(0x000000cdfeb00000,0x000000cdfec00000) (1024K)]
  0x000002689f0424f0 JavaThread "Service Thread"             daemon [_thread_blocked, id=40124, stack(0x000000cdfec00000,0x000000cdfed00000) (1024K)]
  0x000002689f042b60 JavaThread "Monitor Deflation Thread"   daemon [_thread_blocked, id=31960, stack(0x000000cdfed00000,0x000000cdfee00000) (1024K)]
  0x000002689f056870 JavaThread "C2 CompilerThread0"         daemon [_thread_blocked, id=1816, stack(0x000000cdfee00000,0x000000cdfef00000) (1024K)]
  0x000002689f0583e0 JavaThread "C1 CompilerThread0"         daemon [_thread_blocked, id=2536, stack(0x000000cdfef00000,0x000000cdff000000) (1024K)]
  0x000002689f2d2f90 JavaThread "Notification Thread"        daemon [_thread_blocked, id=23164, stack(0x000000cdff000000,0x000000cdff100000) (1024K)]
  0x00000268e60b4ea0 JavaThread "HttpClient-1-SelectorManager" daemon [_thread_in_native, id=36084, stack(0x000000cdff100000,0x000000cdff200000) (1024K)]
  0x00000268e60f7730 JavaThread "HttpClient-1-Worker-0"      daemon [_thread_blocked, id=13304, stack(0x000000cdff300000,0x000000cdff400000) (1024K)]
  0x00000268e60e1580 JavaThread "HttpClient-1-Worker-1"      daemon [_thread_blocked, id=38700, stack(0x000000cdff400000,0x000000cdff500000) (1024K)]
=>0x000002689f059180 JavaThread "C2 CompilerThread1"         daemon [_thread_in_native, id=4012, stack(0x000000cdff500000,0x000000cdff600000) (1024K)]
Total: 15

Other Threads:
  0x000002689f010bf0 VMThread "VM Thread"                           [id=6448, stack(0x000000cdfe600000,0x000000cdfe700000) (1024K)]
  0x000002689effecc0 WatcherThread "VM Periodic Task Thread"        [id=24096, stack(0x000000cdfe500000,0x000000cdfe600000) (1024K)]
  0x000002688699d620 WorkerThread "GC Thread#0"                     [id=8860, stack(0x000000cdfe000000,0x000000cdfe100000) (1024K)]
  0x00000268869ad180 ConcurrentGCThread "G1 Main Marker"            [id=28832, stack(0x000000cdfe100000,0x000000cdfe200000) (1024K)]
  0x00000268869aeb00 WorkerThread "G1 Conc#0"                       [id=31964, stack(0x000000cdfe200000,0x000000cdfe300000) (1024K)]
  0x00000268844afe40 ConcurrentGCThread "G1 Refine#0"               [id=23936, stack(0x000000cdfe300000,0x000000cdfe400000) (1024K)]
  0x000002689eed1f20 ConcurrentGCThread "G1 Service"                [id=28892, stack(0x000000cdfe400000,0x000000cdfe500000) (1024K)]
Total: 7

Threads with active compile tasks:
C2 CompilerThread1  1839 1078       4       sun.security.ec.ECOperations::setDouble (463 bytes)
Total: 1

VM state: not at safepoint (normal execution)

VM Mutex/Monitor currently owned by a thread: None

Heap address: 0x000000008a400000, size: 1884 MB, Compressed Oops mode: 32-bit

CDS archive(s) mapped at: [0x00000268a0000000-0x00000268a1c00000-0x00000268a1c00000), size 29360128, SharedBaseAddress: 0x00000268a0000000, ArchiveRelocationMode: 1.
Compressed class space mapped at: 0x00000268a2000000-0x00000268e2000000, reserved size: 1073741824
Narrow klass base: 0x00000268a0000000, Narrow klass shift: 0, Narrow klass range: 0x100000000

GC Precious Log:
 CardTable entry size: 512
 Card Set container configuration: InlinePtr #cards 5 size 8 Array Of Cards #cards 12 size 40 Howl #buckets 4 coarsen threshold 1843 Howl Bitmap #cards 512 size 80 coarsen threshold 460 Card regions per heap region 1 cards per card region 2048
 CPUs: 12 total, 12 available
 Memory: 7528M
 Large Page Support: Disabled
 NUMA Support: Disabled
 Compressed Oops: Enabled (32-bit)
 Heap Region Size: 1M
 Heap Min Capacity: 8M
 Heap Initial Capacity: 118M
 Heap Max Capacity: 1884M
 Pre-touch: Disabled
 Parallel Workers: 10
 Concurrent Workers: 3
 Concurrent Refinement Workers: 10
 Periodic GC: Disabled

Heap:
 garbage-first heap   total 120832K, used 16384K [0x000000008a400000, 0x0000000100000000)
  region size 1024K, 17 young (17408K), 0 survivors (0K)
 Metaspace       used 3484K, committed 3712K, reserved 1114112K
  class space    used 422K, committed 512K, reserved 1048576K

Heap Regions: E=young(eden), S=young(survivor), O=old, HS=humongous(starts), HC=humongous(continues), CS=collection set, F=free, TAMS=top-at-mark-start, PB=parsable bottom
|   0|0x000000008a400000, 0x000000008a400000, 0x000000008a500000|  0%| F|  |TAMS 0x000000008a400000| PB 0x000000008a400000| Untracked 
|   1|0x000000008a500000, 0x000000008a500000, 0x000000008a600000|  0%| F|  |TAMS 0x000000008a500000| PB 0x000000008a500000| Untracked 
|   2|0x000000008a600000, 0x000000008a600000, 0x000000008a700000|  0%| F|  |TAMS 0x000000008a600000| PB 0x000000008a600000| Untracked 
|   3|0x000000008a700000, 0x000000008a700000, 0x000000008a800000|  0%| F|  |TAMS 0x000000008a700000| PB 0x000000008a700000| Untracked 
|   4|0x000000008a800000, 0x000000008a800000, 0x000000008a900000|  0%| F|  |TAMS 0x000000008a800000| PB 0x000000008a800000| Untracked 
|   5|0x000000008a900000, 0x000000008a900000, 0x000000008aa00000|  0%| F|  |TAMS 0x000000008a900000| PB 0x000000008a900000| Untracked 
|   6|0x000000008aa00000, 0x000000008aa00000, 0x000000008ab00000|  0%| F|  |TAMS 0x000000008aa00000| PB 0x000000008aa00000| Untracked 
|   7|0x000000008ab00000, 0x000000008ab00000, 0x000000008ac00000|  0%| F|  |TAMS 0x000000008ab00000| PB 0x000000008ab00000| Untracked 
|   8|0x000000008ac00000, 0x000000008ac00000, 0x000000008ad00000|  0%| F|  |TAMS 0x000000008ac00000| PB 0x000000008ac00000| Untracked 
|   9|0x000000008ad00000, 0x000000008ad00000, 0x000000008ae00000|  0%| F|  |TAMS 0x000000008ad00000| PB 0x000000008ad00000| Untracked 
|  10|0x000000008ae00000, 0x000000008ae00000, 0x000000008af00000|  0%| F|  |TAMS 0x000000008ae00000| PB 0x000000008ae00000| Untracked 
|  11|0x000000008af00000, 0x000000008af00000, 0x000000008b000000|  0%| F|  |TAMS 0x000000008af00000| PB 0x000000008af00000| Untracked 
|  12|0x000000008b000000, 0x000000008b000000, 0x000000008b100000|  0%| F|  |TAMS 0x000000008b000000| PB 0x000000008b000000| Untracked 
|  13|0x000000008b100000, 0x000000008b100000, 0x000000008b200000|  0%| F|  |TAMS 0x000000008b100000| PB 0x000000008b100000| Untracked 
|  14|0x000000008b200000, 0x000000008b200000, 0x000000008b300000|  0%| F|  |TAMS 0x000000008b200000| PB 0x000000008b200000| Untracked 
|  15|0x000000008b300000, 0x000000008b300000, 0x000000008b400000|  0%| F|  |TAMS 0x000000008b300000| PB 0x000000008b300000| Untracked 
|  16|0x000000008b400000, 0x000000008b400000, 0x000000008b500000|  0%| F|  |TAMS 0x000000008b400000| PB 0x000000008b400000| Untracked 
|  17|0x000000008b500000, 0x000000008b500000, 0x000000008b600000|  0%| F|  |TAMS 0x000000008b500000| PB 0x000000008b500000| Untracked 
|  18|0x000000008b600000, 0x000000008b600000, 0x000000008b700000|  0%| F|  |TAMS 0x000000008b600000| PB 0x000000008b600000| Untracked 
|  19|0x000000008b700000, 0x000000008b700000, 0x000000008b800000|  0%| F|  |TAMS 0x000000008b700000| PB 0x000000008b700000| Untracked 
|  20|0x000000008b800000, 0x000000008b800000, 0x000000008b900000|  0%| F|  |TAMS 0x000000008b800000| PB 0x000000008b800000| Untracked 
|  21|0x000000008b900000, 0x000000008b900000, 0x000000008ba00000|  0%| F|  |TAMS 0x000000008b900000| PB 0x000000008b900000| Untracked 
|  22|0x000000008ba00000, 0x000000008ba00000, 0x000000008bb00000|  0%| F|  |TAMS 0x000000008ba00000| PB 0x000000008ba00000| Untracked 
|  23|0x000000008bb00000, 0x000000008bb00000, 0x000000008bc00000|  0%| F|  |TAMS 0x000000008bb00000| PB 0x000000008bb00000| Untracked 
|  24|0x000000008bc00000, 0x000000008bc00000, 0x000000008bd00000|  0%| F|  |TAMS 0x000000008bc00000| PB 0x000000008bc00000| Untracked 
|  25|0x000000008bd00000, 0x000000008bd00000, 0x000000008be00000|  0%| F|  |TAMS 0x000000008bd00000| PB 0x000000008bd00000| Untracked 
|  26|0x000000008be00000, 0x000000008be00000, 0x000000008bf00000|  0%| F|  |TAMS 0x000000008be00000| PB 0x000000008be00000| Untracked 
|  27|0x000000008bf00000, 0x000000008bf00000, 0x000000008c000000|  0%| F|  |TAMS 0x000000008bf00000| PB 0x000000008bf00000| Untracked 
|  28|0x000000008c000000, 0x000000008c000000, 0x000000008c100000|  0%| F|  |TAMS 0x000000008c000000| PB 0x000000008c000000| Untracked 
|  29|0x000000008c100000, 0x000000008c100000, 0x000000008c200000|  0%| F|  |TAMS 0x000000008c100000| PB 0x000000008c100000| Untracked 
|  30|0x000000008c200000, 0x000000008c200000, 0x000000008c300000|  0%| F|  |TAMS 0x000000008c200000| PB 0x000000008c200000| Untracked 
|  31|0x000000008c300000, 0x000000008c300000, 0x000000008c400000|  0%| F|  |TAMS 0x000000008c300000| PB 0x000000008c300000| Untracked 
|  32|0x000000008c400000, 0x000000008c400000, 0x000000008c500000|  0%| F|  |TAMS 0x000000008c400000| PB 0x000000008c400000| Untracked 
|  33|0x000000008c500000, 0x000000008c500000, 0x000000008c600000|  0%| F|  |TAMS 0x000000008c500000| PB 0x000000008c500000| Untracked 
|  34|0x000000008c600000, 0x000000008c600000, 0x000000008c700000|  0%| F|  |TAMS 0x000000008c600000| PB 0x000000008c600000| Untracked 
|  35|0x000000008c700000, 0x000000008c700000, 0x000000008c800000|  0%| F|  |TAMS 0x000000008c700000| PB 0x000000008c700000| Untracked 
|  36|0x000000008c800000, 0x000000008c800000, 0x000000008c900000|  0%| F|  |TAMS 0x000000008c800000| PB 0x000000008c800000| Untracked 
|  37|0x000000008c900000, 0x000000008c900000, 0x000000008ca00000|  0%| F|  |TAMS 0x000000008c900000| PB 0x000000008c900000| Untracked 
|  38|0x000000008ca00000, 0x000000008ca00000, 0x000000008cb00000|  0%| F|  |TAMS 0x000000008ca00000| PB 0x000000008ca00000| Untracked 
|  39|0x000000008cb00000, 0x000000008cb00000, 0x000000008cc00000|  0%| F|  |TAMS 0x000000008cb00000| PB 0x000000008cb00000| Untracked 
|  40|0x000000008cc00000, 0x000000008cc00000, 0x000000008cd00000|  0%| F|  |TAMS 0x000000008cc00000| PB 0x000000008cc00000| Untracked 
|  41|0x000000008cd00000, 0x000000008cd00000, 0x000000008ce00000|  0%| F|  |TAMS 0x000000008cd00000| PB 0x000000008cd00000| Untracked 
|  42|0x000000008ce00000, 0x000000008ce00000, 0x000000008cf00000|  0%| F|  |TAMS 0x000000008ce00000| PB 0x000000008ce00000| Untracked 
|  43|0x000000008cf00000, 0x000000008cf00000, 0x000000008d000000|  0%| F|  |TAMS 0x000000008cf00000| PB 0x000000008cf00000| Untracked 
|  44|0x000000008d000000, 0x000000008d000000, 0x000000008d100000|  0%| F|  |TAMS 0x000000008d000000| PB 0x000000008d000000| Untracked 
|  45|0x000000008d100000, 0x000000008d100000, 0x000000008d200000|  0%| F|  |TAMS 0x000000008d100000| PB 0x000000008d100000| Untracked 
|  46|0x000000008d200000, 0x000000008d200000, 0x000000008d300000|  0%| F|  |TAMS 0x000000008d200000| PB 0x000000008d200000| Untracked 
|  47|0x000000008d300000, 0x000000008d300000, 0x000000008d400000|  0%| F|  |TAMS 0x000000008d300000| PB 0x000000008d300000| Untracked 
|  48|0x000000008d400000, 0x000000008d400000, 0x000000008d500000|  0%| F|  |TAMS 0x000000008d400000| PB 0x000000008d400000| Untracked 
|  49|0x000000008d500000, 0x000000008d500000, 0x000000008d600000|  0%| F|  |TAMS 0x000000008d500000| PB 0x000000008d500000| Untracked 
|  50|0x000000008d600000, 0x000000008d600000, 0x000000008d700000|  0%| F|  |TAMS 0x000000008d600000| PB 0x000000008d600000| Untracked 
|  51|0x000000008d700000, 0x000000008d700000, 0x000000008d800000|  0%| F|  |TAMS 0x000000008d700000| PB 0x000000008d700000| Untracked 
|  52|0x000000008d800000, 0x000000008d800000, 0x000000008d900000|  0%| F|  |TAMS 0x000000008d800000| PB 0x000000008d800000| Untracked 
|  53|0x000000008d900000, 0x000000008d900000, 0x000000008da00000|  0%| F|  |TAMS 0x000000008d900000| PB 0x000000008d900000| Untracked 
|  54|0x000000008da00000, 0x000000008da00000, 0x000000008db00000|  0%| F|  |TAMS 0x000000008da00000| PB 0x000000008da00000| Untracked 
|  55|0x000000008db00000, 0x000000008db00000, 0x000000008dc00000|  0%| F|  |TAMS 0x000000008db00000| PB 0x000000008db00000| Untracked 
|  56|0x000000008dc00000, 0x000000008dc00000, 0x000000008dd00000|  0%| F|  |TAMS 0x000000008dc00000| PB 0x000000008dc00000| Untracked 
|  57|0x000000008dd00000, 0x000000008dd00000, 0x000000008de00000|  0%| F|  |TAMS 0x000000008dd00000| PB 0x000000008dd00000| Untracked 
|  58|0x000000008de00000, 0x000000008de00000, 0x000000008df00000|  0%| F|  |TAMS 0x000000008de00000| PB 0x000000008de00000| Untracked 
|  59|0x000000008df00000, 0x000000008df00000, 0x000000008e000000|  0%| F|  |TAMS 0x000000008df00000| PB 0x000000008df00000| Untracked 
|  60|0x000000008e000000, 0x000000008e000000, 0x000000008e100000|  0%| F|  |TAMS 0x000000008e000000| PB 0x000000008e000000| Untracked 
|  61|0x000000008e100000, 0x000000008e100000, 0x000000008e200000|  0%| F|  |TAMS 0x000000008e100000| PB 0x000000008e100000| Untracked 
|  62|0x000000008e200000, 0x000000008e200000, 0x000000008e300000|  0%| F|  |TAMS 0x000000008e200000| PB 0x000000008e200000| Untracked 
|  63|0x000000008e300000, 0x000000008e300000, 0x000000008e400000|  0%| F|  |TAMS 0x000000008e300000| PB 0x000000008e300000| Untracked 
|  64|0x000000008e400000, 0x000000008e400000, 0x000000008e500000|  0%| F|  |TAMS 0x000000008e400000| PB 0x000000008e400000| Untracked 
|  65|0x000000008e500000, 0x000000008e500000, 0x000000008e600000|  0%| F|  |TAMS 0x000000008e500000| PB 0x000000008e500000| Untracked 
|  66|0x000000008e600000, 0x000000008e600000, 0x000000008e700000|  0%| F|  |TAMS 0x000000008e600000| PB 0x000000008e600000| Untracked 
|  67|0x000000008e700000, 0x000000008e700000, 0x000000008e800000|  0%| F|  |TAMS 0x000000008e700000| PB 0x000000008e700000| Untracked 
|  68|0x000000008e800000, 0x000000008e800000, 0x000000008e900000|  0%| F|  |TAMS 0x000000008e800000| PB 0x000000008e800000| Untracked 
|  69|0x000000008e900000, 0x000000008e900000, 0x000000008ea00000|  0%| F|  |TAMS 0x000000008e900000| PB 0x000000008e900000| Untracked 
|  70|0x000000008ea00000, 0x000000008ea00000, 0x000000008eb00000|  0%| F|  |TAMS 0x000000008ea00000| PB 0x000000008ea00000| Untracked 
|  71|0x000000008eb00000, 0x000000008eb00000, 0x000000008ec00000|  0%| F|  |TAMS 0x000000008eb00000| PB 0x000000008eb00000| Untracked 
|  72|0x000000008ec00000, 0x000000008ec00000, 0x000000008ed00000|  0%| F|  |TAMS 0x000000008ec00000| PB 0x000000008ec00000| Untracked 
|  73|0x000000008ed00000, 0x000000008ed00000, 0x000000008ee00000|  0%| F|  |TAMS 0x000000008ed00000| PB 0x000000008ed00000| Untracked 
|  74|0x000000008ee00000, 0x000000008ee00000, 0x000000008ef00000|  0%| F|  |TAMS 0x000000008ee00000| PB 0x000000008ee00000| Untracked 
|  75|0x000000008ef00000, 0x000000008ef00000, 0x000000008f000000|  0%| F|  |TAMS 0x000000008ef00000| PB 0x000000008ef00000| Untracked 
|  76|0x000000008f000000, 0x000000008f000000, 0x000000008f100000|  0%| F|  |TAMS 0x000000008f000000| PB 0x000000008f000000| Untracked 
|  77|0x000000008f100000, 0x000000008f100000, 0x000000008f200000|  0%| F|  |TAMS 0x000000008f100000| PB 0x000000008f100000| Untracked 
|  78|0x000000008f200000, 0x000000008f200000, 0x000000008f300000|  0%| F|  |TAMS 0x000000008f200000| PB 0x000000008f200000| Untracked 
|  79|0x000000008f300000, 0x000000008f300000, 0x000000008f400000|  0%| F|  |TAMS 0x000000008f300000| PB 0x000000008f300000| Untracked 
|  80|0x000000008f400000, 0x000000008f400000, 0x000000008f500000|  0%| F|  |TAMS 0x000000008f400000| PB 0x000000008f400000| Untracked 
|  81|0x000000008f500000, 0x000000008f500000, 0x000000008f600000|  0%| F|  |TAMS 0x000000008f500000| PB 0x000000008f500000| Untracked 
|  82|0x000000008f600000, 0x000000008f600000, 0x000000008f700000|  0%| F|  |TAMS 0x000000008f600000| PB 0x000000008f600000| Untracked 
|  83|0x000000008f700000, 0x000000008f700000, 0x000000008f800000|  0%| F|  |TAMS 0x000000008f700000| PB 0x000000008f700000| Untracked 
|  84|0x000000008f800000, 0x000000008f800000, 0x000000008f900000|  0%| F|  |TAMS 0x000000008f800000| PB 0x000000008f800000| Untracked 
|  85|0x000000008f900000, 0x000000008f900000, 0x000000008fa00000|  0%| F|  |TAMS 0x000000008f900000| PB 0x000000008f900000| Untracked 
|  86|0x000000008fa00000, 0x000000008fa00000, 0x000000008fb00000|  0%| F|  |TAMS 0x000000008fa00000| PB 0x000000008fa00000| Untracked 
|  87|0x000000008fb00000, 0x000000008fb00000, 0x000000008fc00000|  0%| F|  |TAMS 0x000000008fb00000| PB 0x000000008fb00000| Untracked 
|  88|0x000000008fc00000, 0x000000008fc00000, 0x000000008fd00000|  0%| F|  |TAMS 0x000000008fc00000| PB 0x000000008fc00000| Untracked 
|  89|0x000000008fd00000, 0x000000008fd00000, 0x000000008fe00000|  0%| F|  |TAMS 0x000000008fd00000| PB 0x000000008fd00000| Untracked 
|  90|0x000000008fe00000, 0x000000008fe00000, 0x000000008ff00000|  0%| F|  |TAMS 0x000000008fe00000| PB 0x000000008fe00000| Untracked 
|  91|0x000000008ff00000, 0x000000008ff00000, 0x0000000090000000|  0%| F|  |TAMS 0x000000008ff00000| PB 0x000000008ff00000| Untracked 
|  92|0x0000000090000000, 0x0000000090000000, 0x0000000090100000|  0%| F|  |TAMS 0x0000000090000000| PB 0x0000000090000000| Untracked 
|  93|0x0000000090100000, 0x0000000090100000, 0x0000000090200000|  0%| F|  |TAMS 0x0000000090100000| PB 0x0000000090100000| Untracked 
|  94|0x0000000090200000, 0x0000000090200000, 0x0000000090300000|  0%| F|  |TAMS 0x0000000090200000| PB 0x0000000090200000| Untracked 
|  95|0x0000000090300000, 0x0000000090300000, 0x0000000090400000|  0%| F|  |TAMS 0x0000000090300000| PB 0x0000000090300000| Untracked 
|  96|0x0000000090400000, 0x0000000090400000, 0x0000000090500000|  0%| F|  |TAMS 0x0000000090400000| PB 0x0000000090400000| Untracked 
|  97|0x0000000090500000, 0x0000000090500000, 0x0000000090600000|  0%| F|  |TAMS 0x0000000090500000| PB 0x0000000090500000| Untracked 
|  98|0x0000000090600000, 0x0000000090600000, 0x0000000090700000|  0%| F|  |TAMS 0x0000000090600000| PB 0x0000000090600000| Untracked 
|  99|0x0000000090700000, 0x0000000090700000, 0x0000000090800000|  0%| F|  |TAMS 0x0000000090700000| PB 0x0000000090700000| Untracked 
| 100|0x0000000090800000, 0x0000000090800000, 0x0000000090900000|  0%| F|  |TAMS 0x0000000090800000| PB 0x0000000090800000| Untracked 
| 101|0x0000000090900000, 0x00000000909766f0, 0x0000000090a00000| 46%| E|  |TAMS 0x0000000090900000| PB 0x0000000090900000| Complete 
| 102|0x0000000090a00000, 0x0000000090b00000, 0x0000000090b00000|100%| E|CS|TAMS 0x0000000090a00000| PB 0x0000000090a00000| Complete 
| 103|0x0000000090b00000, 0x0000000090c00000, 0x0000000090c00000|100%| E|CS|TAMS 0x0000000090b00000| PB 0x0000000090b00000| Complete 
| 104|0x0000000090c00000, 0x0000000090d00000, 0x0000000090d00000|100%| E|CS|TAMS 0x0000000090c00000| PB 0x0000000090c00000| Complete 
| 105|0x0000000090d00000, 0x0000000090e00000, 0x0000000090e00000|100%| E|CS|TAMS 0x0000000090d00000| PB 0x0000000090d00000| Complete 
| 106|0x0000000090e00000, 0x0000000090f00000, 0x0000000090f00000|100%| E|CS|TAMS 0x0000000090e00000| PB 0x0000000090e00000| Complete 
| 107|0x0000000090f00000, 0x0000000091000000, 0x0000000091000000|100%| E|CS|TAMS 0x0000000090f00000| PB 0x0000000090f00000| Complete 
| 108|0x0000000091000000, 0x0000000091100000, 0x0000000091100000|100%| E|CS|TAMS 0x0000000091000000| PB 0x0000000091000000| Complete 
| 109|0x0000000091100000, 0x0000000091200000, 0x0000000091200000|100%| E|CS|TAMS 0x0000000091100000| PB 0x0000000091100000| Complete 
| 110|0x0000000091200000, 0x0000000091300000, 0x0000000091300000|100%| E|CS|TAMS 0x0000000091200000| PB 0x0000000091200000| Complete 
| 111|0x0000000091300000, 0x0000000091400000, 0x0000000091400000|100%| E|CS|TAMS 0x0000000091300000| PB 0x0000000091300000| Complete 
| 112|0x0000000091400000, 0x0000000091500000, 0x0000000091500000|100%| E|CS|TAMS 0x0000000091400000| PB 0x0000000091400000| Complete 
| 113|0x0000000091500000, 0x0000000091600000, 0x0000000091600000|100%| E|CS|TAMS 0x0000000091500000| PB 0x0000000091500000| Complete 
| 114|0x0000000091600000, 0x0000000091700000, 0x0000000091700000|100%| E|CS|TAMS 0x0000000091600000| PB 0x0000000091600000| Complete 
| 115|0x0000000091700000, 0x0000000091800000, 0x0000000091800000|100%| E|CS|TAMS 0x0000000091700000| PB 0x0000000091700000| Complete 
| 116|0x0000000091800000, 0x0000000091900000, 0x0000000091900000|100%| E|CS|TAMS 0x0000000091800000| PB 0x0000000091800000| Complete 
| 117|0x0000000091900000, 0x0000000091a00000, 0x0000000091a00000|100%| E|CS|TAMS 0x0000000091900000| PB 0x0000000091900000| Complete 

Card table byte_map: [0x000002689a290000,0x000002689a640000] _byte_map_base: 0x0000026899e3e000

Marking Bits: (CMBitMap*) 0x000002688699dd20
 Bits: [0x000002689a640000, 0x000002689c3b0000)

Polling page: 0x0000026884760000

Metaspace:

Usage:
  Non-class:      2.99 MB used.
      Class:    422.67 KB used.
       Both:      3.40 MB used.

Virtual space:
  Non-class space:       64.00 MB reserved,       3.12 MB (  5%) committed,  1 nodes.
      Class space:        1.00 GB reserved,     512.00 KB ( <1%) committed,  1 nodes.
             Both:        1.06 GB reserved,       3.62 MB ( <1%) committed. 

Chunk freelists:
   Non-Class:  10.17 MB
       Class:  15.39 MB
        Both:  25.56 MB

MaxMetaspaceSize: unlimited
CompressedClassSpaceSize: 1.00 GB
Initial GC threshold: 21.00 MB
Current GC threshold: 21.00 MB
CDS: on
 - commit_granule_bytes: 65536.
 - commit_granule_words: 8192.
 - virtual_space_node_default_size: 8388608.
 - enlarge_chunks_in_place: 1.
 - use_allocation_guard: 0.


Internal statistics:

num_allocs_failed_limit: 0.
num_arena_births: 194.
num_arena_deaths: 0.
num_vsnodes_births: 2.
num_vsnodes_deaths: 0.
num_space_committed: 58.
num_space_uncommitted: 0.
num_chunks_returned_to_freelist: 0.
num_chunks_taken_from_freelist: 348.
num_chunk_merges: 0.
num_chunk_splits: 202.
num_chunks_enlarged: 97.
num_inconsistent_stats: 0.

CodeHeap 'non-profiled nmethods': size=120000Kb used=400Kb max_used=400Kb free=119599Kb
 bounds [0x0000026892460000, 0x00000268926d0000, 0x0000026899990000]
CodeHeap 'profiled nmethods': size=120000Kb used=1844Kb max_used=1844Kb free=118155Kb
 bounds [0x000002688a990000, 0x000002688ac00000, 0x0000026891ec0000]
CodeHeap 'non-nmethods': size=5760Kb used=1429Kb max_used=1453Kb free=4330Kb
 bounds [0x0000026891ec0000, 0x0000026892130000, 0x0000026892460000]
CodeCache: size=245760Kb, used=3673Kb, max_used=3697Kb, free=242084Kb
 total_blobs=1693, nmethods=1178, adapters=420, full_count=0
Compilation: enabled, stopped_count=0, restarted_count=0

Compilation events (20 events):
Event: 0.649 Thread 0x000002689f0583e0 nmethod 1172 0x000002688ab59e90 code [0x000002688ab5a060, 0x000002688ab5a268]
Event: 0.649 Thread 0x000002689f0583e0 1173       3       java.lang.invoke.MethodHandles$Lookup::linkMethodHandleConstant (223 bytes)
Event: 0.649 Thread 0x000002689f056870 nmethod 1159 0x00000268924c1090 code [0x00000268924c1220, 0x00000268924c1310]
Event: 0.649 Thread 0x000002689f056870 1160   !   4       java.lang.ref.NativeReferenceQueue::poll (28 bytes)
Event: 0.650 Thread 0x000002689f056870 nmethod 1160 0x00000268924c1410 code [0x00000268924c15a0, 0x00000268924c1650]
Event: 0.650 Thread 0x000002689f056870 1174       4       jdk.internal.org.objectweb.asm.ByteVector::putByte (39 bytes)
Event: 0.651 Thread 0x000002689f0583e0 nmethod 1173 0x000002688ab5a410 code [0x000002688ab5a800, 0x000002688ab5bfb0]
Event: 0.651 Thread 0x000002689f056870 nmethod 1174 0x00000268924c1710 code [0x00000268924c18a0, 0x00000268924c1a08]
Event: 0.652 Thread 0x000002689f056870 1175       4       jdk.internal.org.objectweb.asm.SymbolTable::addConstantUtf8 (98 bytes)
Event: 0.653 Thread 0x000002689f0583e0 1177       3       java.nio.MappedByteBuffer::limit (6 bytes)
Event: 0.654 Thread 0x000002689f0583e0 nmethod 1177 0x000002688ab5c710 code [0x000002688ab5c8c0, 0x000002688ab5cad0]
Event: 0.654 Thread 0x000002689f0583e0 1178       1       java.util.concurrent.atomic.AtomicInteger::get (5 bytes)
Event: 0.654 Thread 0x000002689f0583e0 nmethod 1178 0x00000268924c1b10 code [0x00000268924c1ca0, 0x00000268924c1d68]
Event: 0.655 Thread 0x000002689f0583e0 1179       3       java.nio.ByteBuffer::get (9 bytes)
Event: 0.656 Thread 0x000002689f0583e0 nmethod 1179 0x000002688ab5cc10 code [0x000002688ab5cdc0, 0x000002688ab5cfa0]
Event: 0.656 Thread 0x000002689f0583e0 1180       1       sun.security.provider.DigestBase::engineGetDigestLength (5 bytes)
Event: 0.656 Thread 0x000002689f0583e0 nmethod 1180 0x00000268924c1e10 code [0x00000268924c1fa0, 0x00000268924c2068]
Event: 0.668 Thread 0x000002689f056870 nmethod 1175 0x00000268924c2110 code [0x00000268924c2380, 0x00000268924c31d8]
Event: 0.668 Thread 0x000002689f056870 1176       4       jdk.internal.util.StrongReferenceKey::hashCode (8 bytes)
Event: 0.674 Thread 0x000002689f056870 nmethod 1176 0x00000268924c3a10 code [0x00000268924c3c20, 0x00000268924c4030]

GC Heap History (0 events):
No events

Dll operation events (2 events):
Event: 0.010 Loaded shared library C:\Program Files\JetBrains\IntelliJ IDEA Community Edition 2025.2.1\jbr\bin\java.dll
Event: 0.174 Loaded shared library C:\Program Files\JetBrains\IntelliJ IDEA Community Edition 2025.2.1\jbr\bin\zip.dll

Deoptimization events (20 events):
Event: 0.337 Thread 0x000002688694be10 DEOPT PACKING pc=0x000002688a9a80cc sp=0x000000cdfdffc050
Event: 0.337 Thread 0x000002688694be10 DEOPT UNPACKING pc=0x0000026891f14e42 sp=0x000000cdfdffb470 mode 0
Event: 0.381 Thread 0x000002688694be10 DEOPT PACKING pc=0x000002688a9a6ccc sp=0x000000cdfdffdcd0
Event: 0.381 Thread 0x000002688694be10 DEOPT UNPACKING pc=0x0000026891f14e42 sp=0x000000cdfdffd138 mode 0
Event: 0.595 Thread 0x00000268e60f7730 Uncommon trap: trap_request=0xffffff66 fr.pc=0x00000268924b8a78 relative=0x0000000000000318
Event: 0.595 Thread 0x00000268e60f7730 Uncommon trap: reason=speculate_class_check action=maybe_recompile pc=0x00000268924b8a78 method=sun.security.util.math.intpoly.IntegerPolynomial.multByInt([JJ)V @ 26 c2
Event: 0.595 Thread 0x00000268e60f7730 DEOPT PACKING pc=0x00000268924b8a78 sp=0x000000cdff3fe150
Event: 0.595 Thread 0x00000268e60f7730 DEOPT UNPACKING pc=0x0000026891f146a2 sp=0x000000cdff3fe090 mode 2
Event: 0.595 Thread 0x00000268e60f7730 Uncommon trap: trap_request=0xffffff66 fr.pc=0x00000268924b8a78 relative=0x0000000000000318
Event: 0.595 Thread 0x00000268e60f7730 Uncommon trap: reason=speculate_class_check action=maybe_recompile pc=0x00000268924b8a78 method=sun.security.util.math.intpoly.IntegerPolynomial.multByInt([JJ)V @ 26 c2
Event: 0.595 Thread 0x00000268e60f7730 DEOPT PACKING pc=0x00000268924b8a78 sp=0x000000cdff3fe150
Event: 0.595 Thread 0x00000268e60f7730 DEOPT UNPACKING pc=0x0000026891f146a2 sp=0x000000cdff3fe090 mode 2
Event: 0.595 Thread 0x00000268e60f7730 Uncommon trap: trap_request=0xffffff66 fr.pc=0x00000268924b8a78 relative=0x0000000000000318
Event: 0.595 Thread 0x00000268e60f7730 Uncommon trap: reason=speculate_class_check action=maybe_recompile pc=0x00000268924b8a78 method=sun.security.util.math.intpoly.IntegerPolynomial.multByInt([JJ)V @ 26 c2
Event: 0.595 Thread 0x00000268e60f7730 DEOPT PACKING pc=0x00000268924b8a78 sp=0x000000cdff3fe150
Event: 0.595 Thread 0x00000268e60f7730 DEOPT UNPACKING pc=0x0000026891f146a2 sp=0x000000cdff3fe090 mode 2
Event: 0.595 Thread 0x00000268e60f7730 Uncommon trap: trap_request=0xffffff66 fr.pc=0x00000268924b8a78 relative=0x0000000000000318
Event: 0.595 Thread 0x00000268e60f7730 Uncommon trap: reason=speculate_class_check action=maybe_recompile pc=0x00000268924b8a78 method=sun.security.util.math.intpoly.IntegerPolynomial.multByInt([JJ)V @ 26 c2
Event: 0.595 Thread 0x00000268e60f7730 DEOPT PACKING pc=0x00000268924b8a78 sp=0x000000cdff3fe150
Event: 0.595 Thread 0x00000268e60f7730 DEOPT UNPACKING pc=0x0000026891f146a2 sp=0x000000cdff3fe090 mode 2

Classes loaded (20 events):
Event: 0.399 Loading class jdk/net/ExtendedSocketOptions$1
Event: 0.399 Loading class jdk/net/ExtendedSocketOptions$1 done
Event: 0.403 Loading class java/nio/BufferMismatch
Event: 0.403 Loading class java/nio/BufferMismatch done
Event: 0.403 Loading class sun/nio/ch/SourceChannelImpl
Event: 0.403 Loading class java/nio/channels/Pipe$SourceChannel
Event: 0.403 Loading class java/nio/channels/Pipe$SourceChannel done
Event: 0.403 Loading class sun/nio/ch/SourceChannelImpl done
Event: 0.403 Loading class sun/nio/ch/SinkChannelImpl
Event: 0.403 Loading class java/nio/channels/Pipe$SinkChannel
Event: 0.403 Loading class java/nio/channels/Pipe$SinkChannel done
Event: 0.403 Loading class sun/nio/ch/SinkChannelImpl done
Event: 0.417 Loading class sun/net/spi/DefaultProxySelector$NonProxyInfo
Event: 0.417 Loading class sun/net/spi/DefaultProxySelector$NonProxyInfo done
Event: 0.417 Loading class sun/net/spi/DefaultProxySelector$3
Event: 0.417 Loading class sun/net/spi/DefaultProxySelector$3 done
Event: 0.609 Loading class jdk/internal/event/X509CertificateEvent
Event: 0.609 Loading class jdk/internal/event/X509CertificateEvent done
Event: 0.619 Loading class jdk/internal/event/TLSHandshakeEvent
Event: 0.620 Loading class jdk/internal/event/TLSHandshakeEvent done

Classes unloaded (0 events):
No events

Classes redefined (0 events):
No events

Internal exceptions (20 events):
Event: 0.264 Thread 0x000002688694be10 Exception <a 'java/lang/NoSuchMethodError'{0x00000000914a5ea0}: 'java.lang.Object java.lang.invoke.DirectMethodHandle$Holder.invokeStaticInit(java.lang.Object, java.lang.Object, int, int, int, int)'> (0x00000000914a5ea0) 
thrown [s\src\hotspot\share\interpreter\linkResolver.cpp, line 784]
Event: 0.286 Thread 0x000002688694be10 Exception <a 'java/lang/NoSuchMethodError'{0x0000000091368710}: 'java.lang.Object java.lang.invoke.DirectMethodHandle$Holder.invokeStaticInit(java.lang.Object, java.lang.Object, int)'> (0x0000000091368710) 
thrown [s\src\hotspot\share\interpreter\linkResolver.cpp, line 784]
Event: 0.286 Thread 0x000002688694be10 Exception <a 'java/lang/NoSuchMethodError'{0x000000009136e618}: 'java.lang.Object java.lang.invoke.DirectMethodHandle$Holder.newInvokeSpecial(java.lang.Object, java.lang.Object, int)'> (0x000000009136e618) 
thrown [s\src\hotspot\share\interpreter\linkResolver.cpp, line 784]
Event: 0.291 Thread 0x000002688694be10 Exception <a 'java/lang/NoSuchMethodError'{0x00000000913841b0}: 'int java.lang.invoke.DirectMethodHandle$Holder.invokeSpecialIFC(java.lang.Object, java.lang.Object, java.lang.Object)'> (0x00000000913841b0) 
thrown [s\src\hotspot\share\interpreter\linkResolver.cpp, line 784]
Event: 0.303 Thread 0x000002688694be10 Exception <a 'java/lang/NoSuchMethodError'{0x00000000913bc430}: 'java.lang.Object java.lang.invoke.Invokers$Holder.invoke_MT(java.lang.Object, java.lang.Object, java.lang.Object, java.lang.Object, java.lang.Object, java.lang.Object, java.lang.Object, java.lang.Object, java.lang.Object, java.lang.Object)'> (0x00000000913bc430) 
thrown [s\src\hotspot\share\interpreter\linkResolver.cpp, line 784]
Event: 0.318 Thread 0x000002688694be10 Exception <a 'java/lang/NoSuchMethodError'{0x00000000913fc0c8}: 'int java.lang.invoke.DirectMethodHandle$Holder.invokeSpecial(java.lang.Object, java.lang.Object, java.lang.Object, java.lang.Object)'> (0x00000000913fc0c8) 
thrown [s\src\hotspot\share\interpreter\linkResolver.cpp, line 784]
Event: 0.322 Thread 0x000002688694be10 Exception <a 'java/lang/NoSuchMethodError'{0x0000000091211510}: 'java.lang.Object java.lang.invoke.DirectMethodHandle$Holder.invokeSpecial(java.lang.Object, java.lang.Object, int, java.lang.Object, java.lang.Object)'> (0x0000000091211510) 
thrown [s\src\hotspot\share\interpreter\linkResolver.cpp, line 784]
Event: 0.323 Thread 0x000002688694be10 Exception <a 'java/lang/NoSuchMethodError'{0x0000000091214ea0}: 'java.lang.Object java.lang.invoke.DelegatingMethodHandle$Holder.delegate(java.lang.Object, int, java.lang.Object, java.lang.Object)'> (0x0000000091214ea0) 
thrown [s\src\hotspot\share\interpreter\linkResolver.cpp, line 784]
Event: 0.325 Thread 0x000002688694be10 Exception <a 'java/lang/NoSuchMethodError'{0x0000000091224708}: 'int java.lang.invoke.Invokers$Holder.linkToTargetMethod(java.lang.Object, java.lang.Object, java.lang.Object)'> (0x0000000091224708) 
thrown [s\src\hotspot\share\interpreter\linkResolver.cpp, line 784]
Event: 0.333 Thread 0x000002688694be10 Exception <a 'java/lang/NoSuchMethodError'{0x00000000912563c0}: 'long java.lang.invoke.DirectMethodHandle$Holder.invokeSpecial(java.lang.Object, java.lang.Object)'> (0x00000000912563c0) 
thrown [s\src\hotspot\share\interpreter\linkResolver.cpp, line 784]
Event: 0.334 Thread 0x000002688694be10 Exception <a 'java/lang/NoSuchMethodError'{0x000000009125d110}: 'java.lang.Object java.lang.invoke.Invokers$Holder.invokeExact_MT(java.lang.Object, java.lang.Object, java.lang.Object, java.lang.Object, java.lang.Object, java.lang.Object)'> (0x000000009125d110) 
thrown [s\src\hotspot\share\interpreter\linkResolver.cpp, line 784]
Event: 0.413 Thread 0x000002688694be10 Exception <a 'java/lang/NoSuchMethodError'{0x00000000911ec148}: 'java.lang.Object java.lang.invoke.DirectMethodHandle$Holder.newInvokeSpecial(java.lang.Object, java.lang.Object, java.lang.Object, java.lang.Object, java.lang.Object)'> (0x00000000911ec148) 
thrown [s\src\hotspot\share\interpreter\linkResolver.cpp, line 784]
Event: 0.449 Thread 0x000002688694be10 Exception <a 'java/lang/NoSuchMethodError'{0x0000000090f8ca48}: 'java.lang.Object java.lang.invoke.DirectMethodHandle$Holder.invokeSpecial(java.lang.Object, java.lang.Object, java.lang.Object, java.lang.Object, int)'> (0x0000000090f8ca48) 
thrown [s\src\hotspot\share\interpreter\linkResolver.cpp, line 784]
Event: 0.449 Thread 0x000002688694be10 Exception <a 'java/lang/NoSuchMethodError'{0x0000000090f903b0}: 'java.lang.Object java.lang.invoke.Invokers$Holder.linkToTargetMethod(java.lang.Object, java.lang.Object, int, java.lang.Object)'> (0x0000000090f903b0) 
thrown [s\src\hotspot\share\interpreter\linkResolver.cpp, line 784]
Event: 0.456 Thread 0x000002688694be10 Exception <a 'java/lang/NoSuchMethodError'{0x0000000090fbe950}: 'void java.lang.invoke.DirectMethodHandle$Holder.invokeSpecial(java.lang.Object, java.lang.Object, java.lang.Object)'> (0x0000000090fbe950) 
thrown [s\src\hotspot\share\interpreter\linkResolver.cpp, line 784]
Event: 0.472 Thread 0x00000268e60b4ea0 Exception <a 'java/lang/NoSuchMethodError'{0x0000000090e854a0}: 'void java.lang.invoke.DirectMethodHandle$Holder.invokeStatic(java.lang.Object, java.lang.Object, int)'> (0x0000000090e854a0) 
thrown [s\src\hotspot\share\interpreter\linkResolver.cpp, line 784]
Event: 0.473 Thread 0x000002688694be10 Exception <a 'java/lang/NoSuchMethodError'{0x0000000090e4ec28}: 'void java.lang.invoke.DirectMethodHandle$Holder.invokeSpecial(java.lang.Object, java.lang.Object, java.lang.Object, java.lang.Object, java.lang.Object)'> (0x0000000090e4ec28) 
thrown [s\src\hotspot\share\interpreter\linkResolver.cpp, line 784]
Event: 0.482 Thread 0x00000268e60f7730 Exception <a 'java/lang/NoSuchMethodError'{0x0000000090d13808}: 'void java.lang.invoke.DirectMethodHandle$Holder.invokeInterface(java.lang.Object, java.lang.Object, java.lang.Object)'> (0x0000000090d13808) 
thrown [s\src\hotspot\share\interpreter\linkResolver.cpp, line 784]
Event: 0.590 Thread 0x00000268e60f7730 Exception <a 'java/lang/NoSuchMethodError'{0x0000000090b773d8}: 'void java.lang.invoke.DirectMethodHandle$Holder.invokeInterface(java.lang.Object, java.lang.Object)'> (0x0000000090b773d8) 
thrown [s\src\hotspot\share\interpreter\linkResolver.cpp, line 784]
Event: 0.621 Thread 0x00000268e60f7730 Exception <a 'java/lang/NoSuchMethodError'{0x0000000090bebe68}: 'void java.lang.invoke.DirectMethodHandle$Holder.invokeStatic(java.lang.Object, java.lang.Object, java.lang.Object, java.lang.Object)'> (0x0000000090bebe68) 
thrown [s\src\hotspot\share\interpreter\linkResolver.cpp, line 784]

ZGC Phase Switch (0 events):
No events

VM Operations (8 events):
Event: 0.100 Executing VM operation: HandshakeAllThreads (Deoptimize)
Event: 0.100 Executing VM operation: HandshakeAllThreads (Deoptimize) done
Event: 0.239 Executing VM operation: HandshakeAllThreads (Deoptimize)
Event: 0.239 Executing VM operation: HandshakeAllThreads (Deoptimize) done
Event: 0.475 Executing VM operation: HandshakeAllThreads (Deoptimize)
Event: 0.475 Executing VM operation: HandshakeAllThreads (Deoptimize) done
Event: 1.483 Executing VM operation: Cleanup
Event: 1.483 Executing VM operation: Cleanup done

Memory protections (0 events):
No events

Nmethod flushes (0 events):
No events

Events (20 events):
Event: 0.064 Thread 0x000002688694be10 Thread added: 0x000002689f028160
Event: 0.066 Thread 0x000002688694be10 Thread added: 0x000002689f02af90
Event: 0.066 Thread 0x000002688694be10 Thread added: 0x000002689f02b600
Event: 0.066 Thread 0x000002688694be10 Thread added: 0x000002689f032420
Event: 0.066 Thread 0x000002688694be10 Thread added: 0x000002689f037e60
Event: 0.066 Thread 0x000002688694be10 Thread added: 0x000002689f0424f0
Event: 0.066 Thread 0x000002688694be10 Thread added: 0x000002689f042b60
Event: 0.067 Thread 0x000002688694be10 Thread added: 0x000002689f056870
Event: 0.067 Thread 0x000002688694be10 Thread added: 0x000002689f0583e0
Event: 0.082 Thread 0x000002688694be10 Thread added: 0x000002689f2d2f90
Event: 0.087 Loaded shared library C:\Program Files\JetBrains\IntelliJ IDEA Community Edition 2025.2.1\jbr\bin\net.dll
Event: 0.090 Loaded shared library C:\Program Files\JetBrains\IntelliJ IDEA Community Edition 2025.2.1\jbr\bin\nio.dll
Event: 0.096 Loaded shared library C:\Program Files\JetBrains\IntelliJ IDEA Community Edition 2025.2.1\jbr\bin\zip.dll
Event: 0.141 Loaded shared library C:\Program Files\JetBrains\IntelliJ IDEA Community Edition 2025.2.1\jbr\bin\jimage.dll
Event: 0.149 Loaded shared library C:\Program Files\JetBrains\IntelliJ IDEA Community Edition 2025.2.1\jbr\bin\sunmscapi.dll
Event: 0.398 Loaded shared library C:\Program Files\JetBrains\IntelliJ IDEA Community Edition 2025.2.1\jbr\bin\extnet.dll
Event: 0.408 Thread 0x000002688694be10 Thread added: 0x00000268e60b4ea0
Event: 0.479 Thread 0x00000268e60b4ea0 Thread added: 0x00000268e60f7730
Event: 0.497 Thread 0x00000268e60b4ea0 Thread added: 0x00000268e60e1580
Event: 0.527 Thread 0x000002689f056870 Thread added: 0x000002689f059180


Dynamic libraries:
0x00007ff6d3190000 - 0x00007ff6d319a000 	C:\Program Files\JetBrains\IntelliJ IDEA Community Edition 2025.2.1\jbr\bin\java.exe
0x00007ff84e280000 - 0x00007ff84e4e8000 	C:\WINDOWS\SYSTEM32\ntdll.dll
0x00007ff84c470000 - 0x00007ff84c539000 	C:\WINDOWS\System32\KERNEL32.DLL
0x00007ff84b4b0000 - 0x00007ff84b8a2000 	C:\WINDOWS\System32\KERNELBASE.dll
0x00007ff84b8b0000 - 0x00007ff84b9fb000 	C:\WINDOWS\System32\ucrtbase.dll
0x00007ff83dd50000 - 0x00007ff83dd6b000 	C:\Program Files\JetBrains\IntelliJ IDEA Community Edition 2025.2.1\jbr\bin\VCRUNTIME140.dll
0x00007ff83da70000 - 0x00007ff83da88000 	C:\Program Files\JetBrains\IntelliJ IDEA Community Edition 2025.2.1\jbr\bin\jli.dll
0x00007ff84de00000 - 0x00007ff84dfc5000 	C:\WINDOWS\System32\USER32.dll
0x00007ff84bd60000 - 0x00007ff84bd87000 	C:\WINDOWS\System32\win32u.dll
0x00007ff83c4f0000 - 0x00007ff83c783000 	C:\WINDOWS\WinSxS\amd64_microsoft.windows.common-controls_6595b64144ccf1df_6.0.26100.6899_none_3e0efeeae32e88c1\COMCTL32.dll
0x00007ff84c050000 - 0x00007ff84c07b000 	C:\WINDOWS\System32\GDI32.dll
0x00007ff84c080000 - 0x00007ff84c129000 	C:\WINDOWS\System32\msvcrt.dll
0x00007ff84bc30000 - 0x00007ff84bd5d000 	C:\WINDOWS\System32\gdi32full.dll
0x00007ff84be20000 - 0x00007ff84bec3000 	C:\WINDOWS\System32\msvcp_win.dll
0x00007ff84c2d0000 - 0x00007ff84c2ff000 	C:\WINDOWS\System32\IMM32.DLL
0x00007ff8479c0000 - 0x00007ff8479cc000 	C:\Program Files\JetBrains\IntelliJ IDEA Community Edition 2025.2.1\jbr\bin\vcruntime140_1.dll
0x00007ff824ca0000 - 0x00007ff824d2d000 	C:\Program Files\JetBrains\IntelliJ IDEA Community Edition 2025.2.1\jbr\bin\msvcp140.dll
0x00007fff77d40000 - 0x00007fff78b0b000 	C:\Program Files\JetBrains\IntelliJ IDEA Community Edition 2025.2.1\jbr\bin\server\jvm.dll
0x00007ff84dce0000 - 0x00007ff84dd94000 	C:\WINDOWS\System32\ADVAPI32.dll
0x00007ff84dfd0000 - 0x00007ff84e076000 	C:\WINDOWS\System32\sechost.dll
0x00007ff84d670000 - 0x00007ff84d788000 	C:\WINDOWS\System32\RPCRT4.dll
0x00007ff84c150000 - 0x00007ff84c1c4000 	C:\WINDOWS\System32\WS2_32.dll
0x00007ff84b270000 - 0x00007ff84b2ce000 	C:\WINDOWS\SYSTEM32\POWRPROF.dll
0x00007ff848660000 - 0x00007ff848695000 	C:\WINDOWS\SYSTEM32\WINMM.dll
0x00007ff844870000 - 0x00007ff84487b000 	C:\WINDOWS\SYSTEM32\VERSION.dll
0x00007ff84b250000 - 0x00007ff84b264000 	C:\WINDOWS\SYSTEM32\UMPDC.dll
0x00007ff84a1e0000 - 0x00007ff84a1fb000 	C:\WINDOWS\SYSTEM32\kernel.appcore.dll
0x00007ff8479b0000 - 0x00007ff8479ba000 	C:\Program Files\JetBrains\IntelliJ IDEA Community Edition 2025.2.1\jbr\bin\jimage.dll
0x00007ff848ac0000 - 0x00007ff848d02000 	C:\WINDOWS\SYSTEM32\DBGHELP.DLL
0x00007ff84d0b0000 - 0x00007ff84d42b000 	C:\WINDOWS\System32\combase.dll
0x00007ff84cfd0000 - 0x00007ff84d0a7000 	C:\WINDOWS\System32\OLEAUT32.dll
0x00007ff8485d0000 - 0x00007ff84860c000 	C:\WINDOWS\SYSTEM32\dbgcore.DLL
0x00007ff84b410000 - 0x00007ff84b4a8000 	C:\WINDOWS\System32\bcryptPrimitives.dll
0x00007ff83d8c0000 - 0x00007ff83d8e0000 	C:\Program Files\JetBrains\IntelliJ IDEA Community Edition 2025.2.1\jbr\bin\java.dll
0x00007ff84c770000 - 0x00007ff84cebd000 	C:\WINDOWS\System32\SHELL32.dll
0x00007ff84ba00000 - 0x00007ff84bb6b000 	C:\WINDOWS\System32\wintypes.dll
0x00007ff849060000 - 0x00007ff8498bd000 	C:\WINDOWS\SYSTEM32\windows.storage.dll
0x00007ff84c1d0000 - 0x00007ff84c2c2000 	C:\WINDOWS\System32\SHCORE.dll
0x00007ff84c540000 - 0x00007ff84c5a2000 	C:\WINDOWS\System32\shlwapi.dll
0x00007ff84b330000 - 0x00007ff84b359000 	C:\WINDOWS\SYSTEM32\profapi.dll
0x00007ff83a8f0000 - 0x00007ff83a900000 	C:\Program Files\JetBrains\IntelliJ IDEA Community Edition 2025.2.1\jbr\bin\net.dll
0x00007ff843ef0000 - 0x00007ff84400f000 	C:\WINDOWS\SYSTEM32\WINHTTP.dll
0x00007ff84a750000 - 0x00007ff84a7bb000 	C:\WINDOWS\system32\mswsock.dll
0x00007ff82aef0000 - 0x00007ff82af06000 	C:\Program Files\JetBrains\IntelliJ IDEA Community Edition 2025.2.1\jbr\bin\nio.dll
0x00007ff82af10000 - 0x00007ff82af28000 	C:\Program Files\JetBrains\IntelliJ IDEA Community Edition 2025.2.1\jbr\bin\zip.dll
0x00007ff8245f0000 - 0x00007ff8245fe000 	C:\Program Files\JetBrains\IntelliJ IDEA Community Edition 2025.2.1\jbr\bin\sunmscapi.dll
0x00007ff84bed0000 - 0x00007ff84c047000 	C:\WINDOWS\System32\CRYPT32.dll
0x00007ff84ac20000 - 0x00007ff84ac50000 	C:\WINDOWS\SYSTEM32\ncrypt.dll
0x00007ff84abd0000 - 0x00007ff84ac0f000 	C:\WINDOWS\SYSTEM32\NTASN1.dll
0x00007ff84aa00000 - 0x00007ff84aa1b000 	C:\WINDOWS\SYSTEM32\CRYPTSP.dll
0x00007ff84a140000 - 0x00007ff84a17b000 	C:\WINDOWS\system32\rsaenh.dll
0x00007ff84a7f0000 - 0x00007ff84a81b000 	C:\WINDOWS\SYSTEM32\USERENV.dll
0x00007ff84b300000 - 0x00007ff84b326000 	C:\WINDOWS\SYSTEM32\bcrypt.dll
0x00007ff84aa20000 - 0x00007ff84aa2c000 	C:\WINDOWS\SYSTEM32\CRYPTBASE.dll
0x00007ff849c30000 - 0x00007ff849c64000 	C:\WINDOWS\SYSTEM32\IPHLPAPI.DLL
0x00007ff84d430000 - 0x00007ff84d43a000 	C:\WINDOWS\System32\NSI.dll
0x00007ff811ee0000 - 0x00007ff811ee8000 	C:\WINDOWS\system32\wshunix.dll
0x00007ff8245e0000 - 0x00007ff8245e9000 	C:\Program Files\JetBrains\IntelliJ IDEA Community Edition 2025.2.1\jbr\bin\extnet.dll

JVMTI agents: none

dbghelp: loaded successfully - version: 4.0.5 - missing functions: none
symbol engine: initialized successfully - sym options: 0x614 - pdb path: .;C:\Program Files\JetBrains\IntelliJ IDEA Community Edition 2025.2.1\jbr\bin;C:\WINDOWS\SYSTEM32;C:\WINDOWS\WinSxS\amd64_microsoft.windows.common-controls_6595b64144ccf1df_6.0.26100.6899_none_3e0efeeae32e88c1;C:\Program Files\JetBrains\IntelliJ IDEA Community Edition 2025.2.1\jbr\bin\server

VM Arguments:
java_command: git4idea.http.GitAskPassApp Username for 'https://github.com': 
java_class_path (initial): C:/Program Files/JetBrains/IntelliJ IDEA Community Edition 2025.2.1/plugins/vcs-git/lib/git4idea-rt.jar;C:/Program Files/JetBrains/IntelliJ IDEA Community Edition 2025.2.1/lib/externalProcess-rt.jar
Launcher Type: SUN_STANDARD

[Global flags]
     intx CICompilerCount                          = 4                                         {product} {ergonomic}
     uint ConcGCThreads                            = 3                                         {product} {ergonomic}
     uint G1ConcRefinementThreads                  = 10                                        {product} {ergonomic}
   size_t G1HeapRegionSize                         = 1048576                                   {product} {ergonomic}
    uintx GCDrainStackTargetSize                   = 64                                        {product} {ergonomic}
   size_t InitialHeapSize                          = 123731968                                 {product} {ergonomic}
   size_t MarkStackSize                            = 4194304                                   {product} {ergonomic}
   size_t MaxHeapSize                              = 1975517184                                {product} {ergonomic}
   size_t MaxNewSize                               = 1184890880                                {product} {ergonomic}
   size_t MinHeapDeltaBytes                        = 1048576                                   {product} {ergonomic}
   size_t MinHeapSize                              = 8388608                                   {product} {ergonomic}
    uintx NonNMethodCodeHeapSize                   = 5839372                                {pd product} {ergonomic}
    uintx NonProfiledCodeHeapSize                  = 122909434                              {pd product} {ergonomic}
    uintx ProfiledCodeHeapSize                     = 122909434                              {pd product} {ergonomic}
    uintx ReservedCodeCacheSize                    = 251658240                              {pd product} {ergonomic}
     bool SegmentedCodeCache                       = true                                      {product} {ergonomic}
   size_t SoftMaxHeapSize                          = 1975517184                             {manageable} {ergonomic}
     bool UseCompressedOops                        = true                           {product lp64_product} {ergonomic}
     bool UseG1GC                                  = true                                      {product} {ergonomic}
     bool UseLargePagesIndividualAllocation        = false                                  {pd product} {ergonomic}

Logging:
Log output configuration:
 #0: stdout all=warning uptime,level,tags foldmultilines=false
 #1: stderr all=off uptime,level,tags foldmultilines=false

Environment Variables:
PATH=C:/Program Files/Git/mingw64/libexec/git-core;C:/Program Files/Git/mingw64/libexec/git-core;C:\Program Files\Git\mingw64\bin;C:\Program Files\Git\usr\bin;C:\Users\beimn\bin;C:\Program Files\Common Files\Oracle\Java\javapath;C:\WINDOWS\system32;C:\WINDOWS;C:\WINDOWS\System32\Wbem;C:\WINDOWS\System32\WindowsPowerShell\v1.0\;C:\WINDOWS\System32\OpenSSH\;C:\Program Files\dotnet\;C:\Program Files\Git\cmd;C:\Users\beimn\AppData\Local\Microsoft\WindowsApps;C:\Program Files\JetBrains\IntelliJ IDEA Community Edition 2025.2.1\bin
USERNAME=beimn
DISPLAY=:0.0
LC_ALL=en_US.UTF-8
TERM=xterm-256color
TMPDIR=C:\Users\beimn\AppData\Local\Temp
OS=Windows_NT
PROCESSOR_IDENTIFIER=AMD64 Family 25 Model 80 Stepping 0, AuthenticAMD
TMP=C:\Users\beimn\AppData\Local\Temp
TEMP=C:\Users\beimn\AppData\Local\Temp




Periodic native trim disabled

JNI global refs:
JNI global refs: 20, weak refs: 0

JNI global refs memory usage: 835, weak refs: 201

Process memory usage:
Resident Set Size: 93348K (1% of 7708932K total physical memory with 649036K free physical memory)

OOME stack traces (most recent first):
Classloader memory used:
Loader jdk.internal.loader.ClassLoaders$PlatformClassLoader                            : 1927K
Loader bootstrap                                                                       : 1531K
Loader jdk.internal.loader.ClassLoaders$AppClassLoader                                 : 25744B

---------------  S Y S T E M  ---------------

OS:
 Windows 11 , 64 bit Build 26100 (10.0.26100.6725)
OS uptime: 25 days 9:48 hours
Hyper-V role detected

CPU: total 12 (initial active 12) (12 cores per cpu, 2 threads per core) family 25 model 80 stepping 0 microcode 0xa500014, cx8, cmov, fxsr, ht, mmx, 3dnowpref, sse, sse2, sse3, ssse3, sse4a, sse4.1, sse4.2, popcnt, lzcnt, tsc, tscinvbit, avx, avx2, aes, erms, clmul, bmi1, bmi2, adx, sha, fma, vzeroupper, clflush, clflushopt, hv, rdtscp, rdpid, fsrm, f16c, cet_ss
Processor Information for processor 0
  Max Mhz: 2301, Current Mhz: 2301, Mhz Limit: 2301
Processor Information for processor 1
  Max Mhz: 2301, Current Mhz: 1798, Mhz Limit: 2301
Processor Information for processor 2
  Max Mhz: 2301, Current Mhz: 1798, Mhz Limit: 2301
Processor Information for processor 3
  Max Mhz: 2301, Current Mhz: 1798, Mhz Limit: 2301
Processor Information for processor 4
  Max Mhz: 2301, Current Mhz: 1798, Mhz Limit: 2301
Processor Information for processor 5
  Max Mhz: 2301, Current Mhz: 1798, Mhz Limit: 2301
Processor Information for processor 6
  Max Mhz: 2301, Current Mhz: 2301, Mhz Limit: 2301
Processor Information for processor 7
  Max Mhz: 2301, Current Mhz: 2301, Mhz Limit: 2301
Processor Information for processor 8
  Max Mhz: 2301, Current Mhz: 1798, Mhz Limit: 2301
Processor Information for processor 9
  Max Mhz: 2301, Current Mhz: 2301, Mhz Limit: 2301
Processor Information for processor 10
  Max Mhz: 2301, Current Mhz: 1798, Mhz Limit: 2301
Processor Information for processor 11
  Max Mhz: 2301, Current Mhz: 2301, Mhz Limit: 2301

Memory: 4k page, system-wide physical 7528M (633M free)
TotalPageFile size 31080M (AvailPageFile size 6M)
current process WorkingSet (physical memory assigned to process): 91M, peak: 91M
current process commit charge ("private bytes"): 239M, peak: 241M

vm_info: OpenJDK 64-Bit Server VM (21.0.8+1-b1038.68) for windows-amd64 JRE (21.0.8+1-b1038.68), built on 2025-07-24 by "builduser" with MS VC++ 16.10 / 16.11 (VS2019)

END.
