#
# There is insufficient memory for the Java Runtime Environment to continue.
# Native memory allocation (mmap) failed to map 65536 bytes. Error detail: Failed to commit metaspace.
# Possible reasons:
#   The system is out of physical RAM or swap space
#   This process is running with CompressedOops enabled, and the Java Heap may be blocking the growth of the native heap
# Possible solutions:
#   Reduce memory load on the system
#   Increase physical memory or swap space
#   Check if swap backing store is full
#   Decrease Java heap size (-Xmx/-Xms)
#   Decrease number of Java threads
#   Decrease Java thread stack sizes (-Xss)
#   Set larger code cache with -XX:ReservedCodeCacheSize=
#   JVM is running with Unscaled Compressed Oops mode in which the Java heap is
#     placed in the first 4GB address space. The Java Heap base address is the
#     maximum limit for the native heap growth. Please use -XX:HeapBaseMinAddress
#     to set the Java Heap base and to place the Java Heap above 4GB virtual address.
# This output file may be truncated or incomplete.
#
#  Out of Memory Error (virtualSpaceNode.cpp:113), pid=32892, tid=1972
#
# JRE version: OpenJDK Runtime Environment JBR-21.0.8+1-1038.68-jcef (21.0.8+1) (build 21.0.8+1-b1038.68)
# Java VM: OpenJDK 64-Bit Server VM JBR-21.0.8+1-1038.68-jcef (21.0.8+1-b1038.68, mixed mode, tiered, compressed oops, compressed class ptrs, g1 gc, windows-amd64)
# No core dump will be written. Minidumps are not enabled by default on client versions of Windows
#

---------------  S U M M A R Y ------------

Command Line: git4idea.http.GitAskPassApp Username for 'https://github.com': 

Host: AMD Ryzen 5 5625U with Radeon Graphics         , 12 cores, 7G,  Windows 11 , 64 bit Build 26100 (10.0.26100.6725)
Time: Wed Nov 12 13:27:00 2025 Eastern Standard Time elapsed time: 9.703166 seconds (0d 0h 0m 9s)

---------------  T H R E A D  ---------------

Current thread (0x000001acdc0f4880):  JavaThread "C1 CompilerThread0" daemon [_thread_in_vm, id=1972, stack(0x000000886bd00000,0x000000886be00000) (1024K)]


Current CompileTask:
C1:9703  567   !   3       java.lang.invoke.MemberName$Factory::resolve (159 bytes)

Stack: [0x000000886bd00000,0x000000886be00000]
Native frames: (J=compiled Java code, j=interpreted, Vv=VM code, C=native code)
V  [jvm.dll+0x6ebeb9]
V  [jvm.dll+0x8cbec3]
V  [jvm.dll+0x8ce47e]
V  [jvm.dll+0x8ceb63]
V  [jvm.dll+0x28adf6]
V  [jvm.dll+0x8c6cfe]
V  [jvm.dll+0x68c895]
V  [jvm.dll+0x68c8fa]
V  [jvm.dll+0x68f116]
V  [jvm.dll+0x68efe2]
V  [jvm.dll+0x68d24e]
V  [jvm.dll+0x69e86a]
V  [jvm.dll+0x6977f2]
V  [jvm.dll+0x1fa340]
V  [jvm.dll+0x1fa528]
V  [jvm.dll+0x15849e]
V  [jvm.dll+0x1587d6]
V  [jvm.dll+0x157b4f]
V  [jvm.dll+0x159971]
V  [jvm.dll+0x260bfe]
V  [jvm.dll+0x25f146]
V  [jvm.dll+0x402ee6]
V  [jvm.dll+0x873a78]
V  [jvm.dll+0x6ea63d]
C  [ucrtbase.dll+0x37b0]
C  [KERNEL32.DLL+0x2e8d7]
C  [ntdll.dll+0x8c53c]


---------------  P R O C E S S  ---------------

Threads class SMR info:
_java_thread_list=0x000001acdc2804d0, length=11, elements={
0x000001acbd2a2780, 0x000001acdc07d680, 0x000001acdc08e070, 0x000001acdc089470,
0x000001acdc08aa90, 0x000001acdc08b4f0, 0x000001acdc08bf50, 0x000001acdc08c9b0,
0x000001acdc08d540, 0x000001acdc0f4880, 0x000001acdc299890
}

Java Threads: ( => current thread )
  0x000001acbd2a2780 JavaThread "main"                              [_thread_in_vm, id=45752, stack(0x000000886ad00000,0x000000886ae00000) (1024K)]
  0x000001acdc07d680 JavaThread "Common-Cleaner"             daemon [_thread_blocked, id=38576, stack(0x000000886b500000,0x000000886b600000) (1024K)]
  0x000001acdc08e070 JavaThread "Reference Handler"          daemon [_thread_blocked, id=19788, stack(0x000000886b600000,0x000000886b700000) (1024K)]
  0x000001acdc089470 JavaThread "Finalizer"                  daemon [_thread_blocked, id=31808, stack(0x000000886b700000,0x000000886b800000) (1024K)]
  0x000001acdc08aa90 JavaThread "Signal Dispatcher"          daemon [_thread_blocked, id=42444, stack(0x000000886b800000,0x000000886b900000) (1024K)]
  0x000001acdc08b4f0 JavaThread "Attach Listener"            daemon [_thread_blocked, id=9120, stack(0x000000886b900000,0x000000886ba00000) (1024K)]
  0x000001acdc08bf50 JavaThread "Service Thread"             daemon [_thread_blocked, id=12896, stack(0x000000886ba00000,0x000000886bb00000) (1024K)]
  0x000001acdc08c9b0 JavaThread "Monitor Deflation Thread"   daemon [_thread_blocked, id=18120, stack(0x000000886bb00000,0x000000886bc00000) (1024K)]
  0x000001acdc08d540 JavaThread "C2 CompilerThread0"         daemon [_thread_blocked, id=43224, stack(0x000000886bc00000,0x000000886bd00000) (1024K)]
=>0x000001acdc0f4880 JavaThread "C1 CompilerThread0"         daemon [_thread_in_vm, id=1972, stack(0x000000886bd00000,0x000000886be00000) (1024K)]
  0x000001acdc299890 JavaThread "Notification Thread"        daemon [_thread_blocked, id=23188, stack(0x000000886be00000,0x000000886bf00000) (1024K)]
Total: 11

Other Threads:
  0x000001acdc029740 VMThread "VM Thread"                           [id=29924, stack(0x000000886b400000,0x000000886b500000) (1024K)]
  0x000001acd7c7bf10 WatcherThread "VM Periodic Task Thread"        [id=4792, stack(0x000000886b300000,0x000000886b400000) (1024K)]
  0x000001acbf61a2e0 WorkerThread "GC Thread#0"                     [id=17968, stack(0x000000886ae00000,0x000000886af00000) (1024K)]
  0x000001acbf629e40 ConcurrentGCThread "G1 Main Marker"            [id=15416, stack(0x000000886af00000,0x000000886b000000) (1024K)]
  0x000001acbf62b7c0 WorkerThread "G1 Conc#0"                       [id=46500, stack(0x000000886b000000,0x000000886b100000) (1024K)]
  0x000001acd7b4c8c0 ConcurrentGCThread "G1 Refine#0"               [id=8416, stack(0x000000886b100000,0x000000886b200000) (1024K)]
  0x000001acd7b4d0e0 ConcurrentGCThread "G1 Service"                [id=40124, stack(0x000000886b200000,0x000000886b300000) (1024K)]
Total: 7

Threads with active compile tasks:
C1 CompilerThread0  9741  567   !   3       java.lang.invoke.MemberName$Factory::resolve (159 bytes)
Total: 1

VM state: not at safepoint (normal execution)

VM Mutex/Monitor currently owned by a thread:  ([mutex/lock_event])
[0x00007fff78a15ad8] Metaspace_lock - owner thread: 0x000001acdc0f4880

Heap address: 0x000000008a400000, size: 1884 MB, Compressed Oops mode: 32-bit

CDS archive(s) not mapped
Compressed class space mapped at: 0x0000000100000000-0x0000000140000000, reserved size: 1073741824
Narrow klass base: 0x0000000000000000, Narrow klass shift: 3, Narrow klass range: 0x140000000

GC Precious Log:
 CardTable entry size: 512
 Card Set container configuration: InlinePtr #cards 5 size 8 Array Of Cards #cards 12 size 40 Howl #buckets 4 coarsen threshold 1843 Howl Bitmap #cards 512 size 80 coarsen threshold 460 Card regions per heap region 1 cards per card region 2048
 CPUs: 12 total, 12 available
 Memory: 7528M
 Large Page Support: Disabled
 NUMA Support: Disabled
 Compressed Oops: Enabled (32-bit)
 Heap Region Size: 1M
 Heap Min Capacity: 8M
 Heap Initial Capacity: 118M
 Heap Max Capacity: 1884M
 Pre-touch: Disabled
 Parallel Workers: 10
 Concurrent Workers: 3
 Concurrent Refinement Workers: 10
 Periodic GC: Disabled

Heap:
 garbage-first heap   total 120832K, used 6144K [0x000000008a400000, 0x0000000100000000)
  region size 1024K, 7 young (7168K), 0 survivors (0K)
 Metaspace       used 12036K, committed 12160K, reserved 1114112K
  class space    used 1094K, committed 1152K, reserved 1048576K

Heap Regions: E=young(eden), S=young(survivor), O=old, HS=humongous(starts), HC=humongous(continues), CS=collection set, F=free, TAMS=top-at-mark-start, PB=parsable bottom
|   0|0x000000008a400000, 0x000000008a400000, 0x000000008a500000|  0%| F|  |TAMS 0x000000008a400000| PB 0x000000008a400000| Untracked 
|   1|0x000000008a500000, 0x000000008a500000, 0x000000008a600000|  0%| F|  |TAMS 0x000000008a500000| PB 0x000000008a500000| Untracked 
|   2|0x000000008a600000, 0x000000008a600000, 0x000000008a700000|  0%| F|  |TAMS 0x000000008a600000| PB 0x000000008a600000| Untracked 
|   3|0x000000008a700000, 0x000000008a700000, 0x000000008a800000|  0%| F|  |TAMS 0x000000008a700000| PB 0x000000008a700000| Untracked 
|   4|0x000000008a800000, 0x000000008a800000, 0x000000008a900000|  0%| F|  |TAMS 0x000000008a800000| PB 0x000000008a800000| Untracked 
|   5|0x000000008a900000, 0x000000008a900000, 0x000000008aa00000|  0%| F|  |TAMS 0x000000008a900000| PB 0x000000008a900000| Untracked 
|   6|0x000000008aa00000, 0x000000008aa00000, 0x000000008ab00000|  0%| F|  |TAMS 0x000000008aa00000| PB 0x000000008aa00000| Untracked 
|   7|0x000000008ab00000, 0x000000008ab00000, 0x000000008ac00000|  0%| F|  |TAMS 0x000000008ab00000| PB 0x000000008ab00000| Untracked 
|   8|0x000000008ac00000, 0x000000008ac00000, 0x000000008ad00000|  0%| F|  |TAMS 0x000000008ac00000| PB 0x000000008ac00000| Untracked 
|   9|0x000000008ad00000, 0x000000008ad00000, 0x000000008ae00000|  0%| F|  |TAMS 0x000000008ad00000| PB 0x000000008ad00000| Untracked 
|  10|0x000000008ae00000, 0x000000008ae00000, 0x000000008af00000|  0%| F|  |TAMS 0x000000008ae00000| PB 0x000000008ae00000| Untracked 
|  11|0x000000008af00000, 0x000000008af00000, 0x000000008b000000|  0%| F|  |TAMS 0x000000008af00000| PB 0x000000008af00000| Untracked 
|  12|0x000000008b000000, 0x000000008b000000, 0x000000008b100000|  0%| F|  |TAMS 0x000000008b000000| PB 0x000000008b000000| Untracked 
|  13|0x000000008b100000, 0x000000008b100000, 0x000000008b200000|  0%| F|  |TAMS 0x000000008b100000| PB 0x000000008b100000| Untracked 
|  14|0x000000008b200000, 0x000000008b200000, 0x000000008b300000|  0%| F|  |TAMS 0x000000008b200000| PB 0x000000008b200000| Untracked 
|  15|0x000000008b300000, 0x000000008b300000, 0x000000008b400000|  0%| F|  |TAMS 0x000000008b300000| PB 0x000000008b300000| Untracked 
|  16|0x000000008b400000, 0x000000008b400000, 0x000000008b500000|  0%| F|  |TAMS 0x000000008b400000| PB 0x000000008b400000| Untracked 
|  17|0x000000008b500000, 0x000000008b500000, 0x000000008b600000|  0%| F|  |TAMS 0x000000008b500000| PB 0x000000008b500000| Untracked 
|  18|0x000000008b600000, 0x000000008b600000, 0x000000008b700000|  0%| F|  |TAMS 0x000000008b600000| PB 0x000000008b600000| Untracked 
|  19|0x000000008b700000, 0x000000008b700000, 0x000000008b800000|  0%| F|  |TAMS 0x000000008b700000| PB 0x000000008b700000| Untracked 
|  20|0x000000008b800000, 0x000000008b800000, 0x000000008b900000|  0%| F|  |TAMS 0x000000008b800000| PB 0x000000008b800000| Untracked 
|  21|0x000000008b900000, 0x000000008b900000, 0x000000008ba00000|  0%| F|  |TAMS 0x000000008b900000| PB 0x000000008b900000| Untracked 
|  22|0x000000008ba00000, 0x000000008ba00000, 0x000000008bb00000|  0%| F|  |TAMS 0x000000008ba00000| PB 0x000000008ba00000| Untracked 
|  23|0x000000008bb00000, 0x000000008bb00000, 0x000000008bc00000|  0%| F|  |TAMS 0x000000008bb00000| PB 0x000000008bb00000| Untracked 
|  24|0x000000008bc00000, 0x000000008bc00000, 0x000000008bd00000|  0%| F|  |TAMS 0x000000008bc00000| PB 0x000000008bc00000| Untracked 
|  25|0x000000008bd00000, 0x000000008bd00000, 0x000000008be00000|  0%| F|  |TAMS 0x000000008bd00000| PB 0x000000008bd00000| Untracked 
|  26|0x000000008be00000, 0x000000008be00000, 0x000000008bf00000|  0%| F|  |TAMS 0x000000008be00000| PB 0x000000008be00000| Untracked 
|  27|0x000000008bf00000, 0x000000008bf00000, 0x000000008c000000|  0%| F|  |TAMS 0x000000008bf00000| PB 0x000000008bf00000| Untracked 
|  28|0x000000008c000000, 0x000000008c000000, 0x000000008c100000|  0%| F|  |TAMS 0x000000008c000000| PB 0x000000008c000000| Untracked 
|  29|0x000000008c100000, 0x000000008c100000, 0x000000008c200000|  0%| F|  |TAMS 0x000000008c100000| PB 0x000000008c100000| Untracked 
|  30|0x000000008c200000, 0x000000008c200000, 0x000000008c300000|  0%| F|  |TAMS 0x000000008c200000| PB 0x000000008c200000| Untracked 
|  31|0x000000008c300000, 0x000000008c300000, 0x000000008c400000|  0%| F|  |TAMS 0x000000008c300000| PB 0x000000008c300000| Untracked 
|  32|0x000000008c400000, 0x000000008c400000, 0x000000008c500000|  0%| F|  |TAMS 0x000000008c400000| PB 0x000000008c400000| Untracked 
|  33|0x000000008c500000, 0x000000008c500000, 0x000000008c600000|  0%| F|  |TAMS 0x000000008c500000| PB 0x000000008c500000| Untracked 
|  34|0x000000008c600000, 0x000000008c600000, 0x000000008c700000|  0%| F|  |TAMS 0x000000008c600000| PB 0x000000008c600000| Untracked 
|  35|0x000000008c700000, 0x000000008c700000, 0x000000008c800000|  0%| F|  |TAMS 0x000000008c700000| PB 0x000000008c700000| Untracked 
|  36|0x000000008c800000, 0x000000008c800000, 0x000000008c900000|  0%| F|  |TAMS 0x000000008c800000| PB 0x000000008c800000| Untracked 
|  37|0x000000008c900000, 0x000000008c900000, 0x000000008ca00000|  0%| F|  |TAMS 0x000000008c900000| PB 0x000000008c900000| Untracked 
|  38|0x000000008ca00000, 0x000000008ca00000, 0x000000008cb00000|  0%| F|  |TAMS 0x000000008ca00000| PB 0x000000008ca00000| Untracked 
|  39|0x000000008cb00000, 0x000000008cb00000, 0x000000008cc00000|  0%| F|  |TAMS 0x000000008cb00000| PB 0x000000008cb00000| Untracked 
|  40|0x000000008cc00000, 0x000000008cc00000, 0x000000008cd00000|  0%| F|  |TAMS 0x000000008cc00000| PB 0x000000008cc00000| Untracked 
|  41|0x000000008cd00000, 0x000000008cd00000, 0x000000008ce00000|  0%| F|  |TAMS 0x000000008cd00000| PB 0x000000008cd00000| Untracked 
|  42|0x000000008ce00000, 0x000000008ce00000, 0x000000008cf00000|  0%| F|  |TAMS 0x000000008ce00000| PB 0x000000008ce00000| Untracked 
|  43|0x000000008cf00000, 0x000000008cf00000, 0x000000008d000000|  0%| F|  |TAMS 0x000000008cf00000| PB 0x000000008cf00000| Untracked 
|  44|0x000000008d000000, 0x000000008d000000, 0x000000008d100000|  0%| F|  |TAMS 0x000000008d000000| PB 0x000000008d000000| Untracked 
|  45|0x000000008d100000, 0x000000008d100000, 0x000000008d200000|  0%| F|  |TAMS 0x000000008d100000| PB 0x000000008d100000| Untracked 
|  46|0x000000008d200000, 0x000000008d200000, 0x000000008d300000|  0%| F|  |TAMS 0x000000008d200000| PB 0x000000008d200000| Untracked 
|  47|0x000000008d300000, 0x000000008d300000, 0x000000008d400000|  0%| F|  |TAMS 0x000000008d300000| PB 0x000000008d300000| Untracked 
|  48|0x000000008d400000, 0x000000008d400000, 0x000000008d500000|  0%| F|  |TAMS 0x000000008d400000| PB 0x000000008d400000| Untracked 
|  49|0x000000008d500000, 0x000000008d500000, 0x000000008d600000|  0%| F|  |TAMS 0x000000008d500000| PB 0x000000008d500000| Untracked 
|  50|0x000000008d600000, 0x000000008d600000, 0x000000008d700000|  0%| F|  |TAMS 0x000000008d600000| PB 0x000000008d600000| Untracked 
|  51|0x000000008d700000, 0x000000008d700000, 0x000000008d800000|  0%| F|  |TAMS 0x000000008d700000| PB 0x000000008d700000| Untracked 
|  52|0x000000008d800000, 0x000000008d800000, 0x000000008d900000|  0%| F|  |TAMS 0x000000008d800000| PB 0x000000008d800000| Untracked 
|  53|0x000000008d900000, 0x000000008d900000, 0x000000008da00000|  0%| F|  |TAMS 0x000000008d900000| PB 0x000000008d900000| Untracked 
|  54|0x000000008da00000, 0x000000008da00000, 0x000000008db00000|  0%| F|  |TAMS 0x000000008da00000| PB 0x000000008da00000| Untracked 
|  55|0x000000008db00000, 0x000000008db00000, 0x000000008dc00000|  0%| F|  |TAMS 0x000000008db00000| PB 0x000000008db00000| Untracked 
|  56|0x000000008dc00000, 0x000000008dc00000, 0x000000008dd00000|  0%| F|  |TAMS 0x000000008dc00000| PB 0x000000008dc00000| Untracked 
|  57|0x000000008dd00000, 0x000000008dd00000, 0x000000008de00000|  0%| F|  |TAMS 0x000000008dd00000| PB 0x000000008dd00000| Untracked 
|  58|0x000000008de00000, 0x000000008de00000, 0x000000008df00000|  0%| F|  |TAMS 0x000000008de00000| PB 0x000000008de00000| Untracked 
|  59|0x000000008df00000, 0x000000008df00000, 0x000000008e000000|  0%| F|  |TAMS 0x000000008df00000| PB 0x000000008df00000| Untracked 
|  60|0x000000008e000000, 0x000000008e000000, 0x000000008e100000|  0%| F|  |TAMS 0x000000008e000000| PB 0x000000008e000000| Untracked 
|  61|0x000000008e100000, 0x000000008e100000, 0x000000008e200000|  0%| F|  |TAMS 0x000000008e100000| PB 0x000000008e100000| Untracked 
|  62|0x000000008e200000, 0x000000008e200000, 0x000000008e300000|  0%| F|  |TAMS 0x000000008e200000| PB 0x000000008e200000| Untracked 
|  63|0x000000008e300000, 0x000000008e300000, 0x000000008e400000|  0%| F|  |TAMS 0x000000008e300000| PB 0x000000008e300000| Untracked 
|  64|0x000000008e400000, 0x000000008e400000, 0x000000008e500000|  0%| F|  |TAMS 0x000000008e400000| PB 0x000000008e400000| Untracked 
|  65|0x000000008e500000, 0x000000008e500000, 0x000000008e600000|  0%| F|  |TAMS 0x000000008e500000| PB 0x000000008e500000| Untracked 
|  66|0x000000008e600000, 0x000000008e600000, 0x000000008e700000|  0%| F|  |TAMS 0x000000008e600000| PB 0x000000008e600000| Untracked 
|  67|0x000000008e700000, 0x000000008e700000, 0x000000008e800000|  0%| F|  |TAMS 0x000000008e700000| PB 0x000000008e700000| Untracked 
|  68|0x000000008e800000, 0x000000008e800000, 0x000000008e900000|  0%| F|  |TAMS 0x000000008e800000| PB 0x000000008e800000| Untracked 
|  69|0x000000008e900000, 0x000000008e900000, 0x000000008ea00000|  0%| F|  |TAMS 0x000000008e900000| PB 0x000000008e900000| Untracked 
|  70|0x000000008ea00000, 0x000000008ea00000, 0x000000008eb00000|  0%| F|  |TAMS 0x000000008ea00000| PB 0x000000008ea00000| Untracked 
|  71|0x000000008eb00000, 0x000000008eb00000, 0x000000008ec00000|  0%| F|  |TAMS 0x000000008eb00000| PB 0x000000008eb00000| Untracked 
|  72|0x000000008ec00000, 0x000000008ec00000, 0x000000008ed00000|  0%| F|  |TAMS 0x000000008ec00000| PB 0x000000008ec00000| Untracked 
|  73|0x000000008ed00000, 0x000000008ed00000, 0x000000008ee00000|  0%| F|  |TAMS 0x000000008ed00000| PB 0x000000008ed00000| Untracked 
|  74|0x000000008ee00000, 0x000000008ee00000, 0x000000008ef00000|  0%| F|  |TAMS 0x000000008ee00000| PB 0x000000008ee00000| Untracked 
|  75|0x000000008ef00000, 0x000000008ef00000, 0x000000008f000000|  0%| F|  |TAMS 0x000000008ef00000| PB 0x000000008ef00000| Untracked 
|  76|0x000000008f000000, 0x000000008f000000, 0x000000008f100000|  0%| F|  |TAMS 0x000000008f000000| PB 0x000000008f000000| Untracked 
|  77|0x000000008f100000, 0x000000008f100000, 0x000000008f200000|  0%| F|  |TAMS 0x000000008f100000| PB 0x000000008f100000| Untracked 
|  78|0x000000008f200000, 0x000000008f200000, 0x000000008f300000|  0%| F|  |TAMS 0x000000008f200000| PB 0x000000008f200000| Untracked 
|  79|0x000000008f300000, 0x000000008f300000, 0x000000008f400000|  0%| F|  |TAMS 0x000000008f300000| PB 0x000000008f300000| Untracked 
|  80|0x000000008f400000, 0x000000008f400000, 0x000000008f500000|  0%| F|  |TAMS 0x000000008f400000| PB 0x000000008f400000| Untracked 
|  81|0x000000008f500000, 0x000000008f500000, 0x000000008f600000|  0%| F|  |TAMS 0x000000008f500000| PB 0x000000008f500000| Untracked 
|  82|0x000000008f600000, 0x000000008f600000, 0x000000008f700000|  0%| F|  |TAMS 0x000000008f600000| PB 0x000000008f600000| Untracked 
|  83|0x000000008f700000, 0x000000008f700000, 0x000000008f800000|  0%| F|  |TAMS 0x000000008f700000| PB 0x000000008f700000| Untracked 
|  84|0x000000008f800000, 0x000000008f800000, 0x000000008f900000|  0%| F|  |TAMS 0x000000008f800000| PB 0x000000008f800000| Untracked 
|  85|0x000000008f900000, 0x000000008f900000, 0x000000008fa00000|  0%| F|  |TAMS 0x000000008f900000| PB 0x000000008f900000| Untracked 
|  86|0x000000008fa00000, 0x000000008fa00000, 0x000000008fb00000|  0%| F|  |TAMS 0x000000008fa00000| PB 0x000000008fa00000| Untracked 
|  87|0x000000008fb00000, 0x000000008fb00000, 0x000000008fc00000|  0%| F|  |TAMS 0x000000008fb00000| PB 0x000000008fb00000| Untracked 
|  88|0x000000008fc00000, 0x000000008fc00000, 0x000000008fd00000|  0%| F|  |TAMS 0x000000008fc00000| PB 0x000000008fc00000| Untracked 
|  89|0x000000008fd00000, 0x000000008fd00000, 0x000000008fe00000|  0%| F|  |TAMS 0x000000008fd00000| PB 0x000000008fd00000| Untracked 
|  90|0x000000008fe00000, 0x000000008fe00000, 0x000000008ff00000|  0%| F|  |TAMS 0x000000008fe00000| PB 0x000000008fe00000| Untracked 
|  91|0x000000008ff00000, 0x000000008ff00000, 0x0000000090000000|  0%| F|  |TAMS 0x000000008ff00000| PB 0x000000008ff00000| Untracked 
|  92|0x0000000090000000, 0x0000000090000000, 0x0000000090100000|  0%| F|  |TAMS 0x0000000090000000| PB 0x0000000090000000| Untracked 
|  93|0x0000000090100000, 0x0000000090100000, 0x0000000090200000|  0%| F|  |TAMS 0x0000000090100000| PB 0x0000000090100000| Untracked 
|  94|0x0000000090200000, 0x0000000090200000, 0x0000000090300000|  0%| F|  |TAMS 0x0000000090200000| PB 0x0000000090200000| Untracked 
|  95|0x0000000090300000, 0x0000000090300000, 0x0000000090400000|  0%| F|  |TAMS 0x0000000090300000| PB 0x0000000090300000| Untracked 
|  96|0x0000000090400000, 0x0000000090400000, 0x0000000090500000|  0%| F|  |TAMS 0x0000000090400000| PB 0x0000000090400000| Untracked 
|  97|0x0000000090500000, 0x0000000090500000, 0x0000000090600000|  0%| F|  |TAMS 0x0000000090500000| PB 0x0000000090500000| Untracked 
|  98|0x0000000090600000, 0x0000000090600000, 0x0000000090700000|  0%| F|  |TAMS 0x0000000090600000| PB 0x0000000090600000| Untracked 
|  99|0x0000000090700000, 0x0000000090700000, 0x0000000090800000|  0%| F|  |TAMS 0x0000000090700000| PB 0x0000000090700000| Untracked 
| 100|0x0000000090800000, 0x0000000090800000, 0x0000000090900000|  0%| F|  |TAMS 0x0000000090800000| PB 0x0000000090800000| Untracked 
| 101|0x0000000090900000, 0x0000000090900000, 0x0000000090a00000|  0%| F|  |TAMS 0x0000000090900000| PB 0x0000000090900000| Untracked 
| 102|0x0000000090a00000, 0x0000000090a00000, 0x0000000090b00000|  0%| F|  |TAMS 0x0000000090a00000| PB 0x0000000090a00000| Untracked 
| 103|0x0000000090b00000, 0x0000000090b00000, 0x0000000090c00000|  0%| F|  |TAMS 0x0000000090b00000| PB 0x0000000090b00000| Untracked 
| 104|0x0000000090c00000, 0x0000000090c00000, 0x0000000090d00000|  0%| F|  |TAMS 0x0000000090c00000| PB 0x0000000090c00000| Untracked 
| 105|0x0000000090d00000, 0x0000000090d00000, 0x0000000090e00000|  0%| F|  |TAMS 0x0000000090d00000| PB 0x0000000090d00000| Untracked 
| 106|0x0000000090e00000, 0x0000000090e00000, 0x0000000090f00000|  0%| F|  |TAMS 0x0000000090e00000| PB 0x0000000090e00000| Untracked 
| 107|0x0000000090f00000, 0x0000000090f00000, 0x0000000091000000|  0%| F|  |TAMS 0x0000000090f00000| PB 0x0000000090f00000| Untracked 
| 108|0x0000000091000000, 0x0000000091000000, 0x0000000091100000|  0%| F|  |TAMS 0x0000000091000000| PB 0x0000000091000000| Untracked 
| 109|0x0000000091100000, 0x0000000091100000, 0x0000000091200000|  0%| F|  |TAMS 0x0000000091100000| PB 0x0000000091100000| Untracked 
| 110|0x0000000091200000, 0x0000000091200000, 0x0000000091300000|  0%| F|  |TAMS 0x0000000091200000| PB 0x0000000091200000| Untracked 
| 111|0x0000000091300000, 0x00000000913f20d0, 0x0000000091400000| 94%| E|  |TAMS 0x0000000091300000| PB 0x0000000091300000| Complete 
| 112|0x0000000091400000, 0x0000000091500000, 0x0000000091500000|100%| E|CS|TAMS 0x0000000091400000| PB 0x0000000091400000| Complete 
| 113|0x0000000091500000, 0x0000000091600000, 0x0000000091600000|100%| E|CS|TAMS 0x0000000091500000| PB 0x0000000091500000| Complete 
| 114|0x0000000091600000, 0x0000000091700000, 0x0000000091700000|100%| E|CS|TAMS 0x0000000091600000| PB 0x0000000091600000| Complete 
| 115|0x0000000091700000, 0x0000000091800000, 0x0000000091800000|100%| E|CS|TAMS 0x0000000091700000| PB 0x0000000091700000| Complete 
| 116|0x0000000091800000, 0x0000000091900000, 0x0000000091900000|100%| E|CS|TAMS 0x0000000091800000| PB 0x0000000091800000| Complete 
| 117|0x0000000091900000, 0x0000000091a00000, 0x0000000091a00000|100%| E|CS|TAMS 0x0000000091900000| PB 0x0000000091900000| Complete 

Card table byte_map: [0x000001acd2f10000,0x000001acd32c0000] _byte_map_base: 0x000001acd2abe000

Marking Bits: (CMBitMap*) 0x000001acbf61a9e0
 Bits: [0x000001acd32c0000, 0x000001acd5030000)

Polling page: 0x000001acbed90000

Metaspace:

Usage:
  Non-class:     10.69 MB used.
      Class:      1.07 MB used.
       Both:     11.75 MB used.

Virtual space:
  Non-class space:       64.00 MB reserved,      10.75 MB ( 17%) committed,  1 nodes.
      Class space:        1.00 GB reserved,       1.12 MB ( <1%) committed,  1 nodes.
             Both:        1.06 GB reserved,      11.88 MB (  1%) committed. 

Chunk freelists:
   Non-Class:  4.73 MB
       Class:  14.72 MB
        Both:  19.46 MB

MaxMetaspaceSize: unlimited
CompressedClassSpaceSize: 1.00 GB
Initial GC threshold: 21.00 MB
Current GC threshold: 21.00 MB
CDS: off
 - commit_granule_bytes: 65536.
 - commit_granule_words: 8192.
 - virtual_space_node_default_size: 8388608.
 - enlarge_chunks_in_place: 1.
 - use_allocation_guard: 0.


Internal statistics:

num_allocs_failed_limit: 0.
num_arena_births: 26.
num_arena_deaths: 0.
num_vsnodes_births: 2.
num_vsnodes_deaths: 0.
num_space_committed: 190.
num_space_uncommitted: 0.
num_chunks_returned_to_freelist: 0.
num_chunks_taken_from_freelist: 73.
num_chunk_merges: 0.
num_chunk_splits: 40.
num_chunks_enlarged: 29.
num_inconsistent_stats: 0.

CodeHeap 'non-profiled nmethods': size=120000Kb used=170Kb max_used=170Kb free=119829Kb
 bounds [0x000001accb0e0000, 0x000001accb350000, 0x000001acd2610000]
CodeHeap 'profiled nmethods': size=120000Kb used=832Kb max_used=832Kb free=119167Kb
 bounds [0x000001acc3610000, 0x000001acc3880000, 0x000001accab40000]
CodeHeap 'non-nmethods': size=5760Kb used=1347Kb max_used=1361Kb free=4412Kb
 bounds [0x000001accab40000, 0x000001accadb0000, 0x000001accb0e0000]
CodeCache: size=245760Kb, used=2349Kb, max_used=2363Kb, free=243408Kb
 total_blobs=1021, nmethods=567, adapters=359, full_count=0
Compilation: enabled, stopped_count=0, restarted_count=0

Compilation events (20 events):
Event: 6.647 Thread 0x000001acdc0f4880 nmethod 557 0x000001acc36dc810 code [0x000001acc36dc9c0, 0x000001acc36dcbf0]
Event: 6.648 Thread 0x000001acdc0f4880  558       3       java.lang.invoke.MemberName::isStatic (8 bytes)
Event: 6.648 Thread 0x000001acdc0f4880 nmethod 558 0x000001acc36dcc90 code [0x000001acc36dce40, 0x000001acc36dd000]
Event: 6.648 Thread 0x000001acdc0f4880  559       3       jdk.internal.org.objectweb.asm.ByteVector::put122 (93 bytes)
Event: 6.648 Thread 0x000001acdc0f4880 nmethod 559 0x000001acc36dd090 code [0x000001acc36dd240, 0x000001acc36dd4b8]
Event: 7.676 Thread 0x000001acdc0f4880  561       3       java.util.Optional::orElse (16 bytes)
Event: 7.676 Thread 0x000001acdc08d540  564   !   4       java.nio.DirectByteBuffer::get (34 bytes)
Event: 7.676 Thread 0x000001acdc0f4880 nmethod 561 0x000001acc36dd690 code [0x000001acc36dd840, 0x000001acc36dd9c0]
Event: 7.676 Thread 0x000001acdc0f4880  563       3       jdk.internal.jimage.ImageStringsReader::stringFromByteBufferMatches (138 bytes)
Event: 7.677 Thread 0x000001acdc0f4880 nmethod 563 0x000001acc36dda90 code [0x000001acc36ddd80, 0x000001acc36dee48]
Event: 7.677 Thread 0x000001acdc0f4880  560       3       java.util.concurrent.ConcurrentHashMap$BaseIterator::hasNext (13 bytes)
Event: 7.677 Thread 0x000001acdc08d540 nmethod 564 0x000001accb109b90 code [0x000001accb109d40, 0x000001accb109ea0]
Event: 7.677 Thread 0x000001acdc0f4880 nmethod 560 0x000001acc36df590 code [0x000001acc36df720, 0x000001acc36df880]
Event: 7.677 Thread 0x000001acdc0f4880  562       1       jdk.internal.jimage.ImageHeader::getTableLength (5 bytes)
Event: 7.677 Thread 0x000001acdc0f4880 nmethod 562 0x000001accb10a010 code [0x000001accb10a1a0, 0x000001accb10a268]
Event: 7.678 Thread 0x000001acdc0f4880  565       1       java.lang.module.ModuleDescriptor::isOpen (5 bytes)
Event: 7.678 Thread 0x000001acdc0f4880 nmethod 565 0x000001accb10a310 code [0x000001accb10a4a0, 0x000001accb10a570]
Event: 7.680 Thread 0x000001acdc0f4880  566       3       java.util.Arrays::equals (57 bytes)
Event: 7.680 Thread 0x000001acdc0f4880 nmethod 566 0x000001acc36df910 code [0x000001acc36dfb00, 0x000001acc36e0068]
Event: 7.680 Thread 0x000001acdc0f4880  567   !   3       java.lang.invoke.MemberName$Factory::resolve (159 bytes)

GC Heap History (0 events):
No events

Dll operation events (2 events):
Event: 0.020 Loaded shared library C:\Program Files\JetBrains\IntelliJ IDEA Community Edition 2025.2.1\jbr\bin\java.dll
Event: 3.038 Loaded shared library C:\Program Files\JetBrains\IntelliJ IDEA Community Edition 2025.2.1\jbr\bin\zip.dll

Deoptimization events (4 events):
Event: 3.363 Thread 0x000001acbd2a2780 Uncommon trap: trap_request=0xffffff45 fr.pc=0x000001accb0f5c94 relative=0x0000000000000074
Event: 3.363 Thread 0x000001acbd2a2780 Uncommon trap: reason=unstable_if action=reinterpret pc=0x000001accb0f5c94 method=java.lang.CharacterDataLatin1.toLowerCase(I)I @ 16 c2
Event: 3.363 Thread 0x000001acbd2a2780 DEOPT PACKING pc=0x000001accb0f5c94 sp=0x000000886adfb240
Event: 3.363 Thread 0x000001acbd2a2780 DEOPT UNPACKING pc=0x000001accab946a2 sp=0x000000886adfb1d0 mode 2

Classes loaded (20 events):
Event: 7.676 Loading class sun/util/logging/internal/LoggingProviderImpl
Event: 7.677 Loading class sun/util/logging/internal/LoggingProviderImpl done
Event: 7.677 Loading class sun/util/logging/internal/LoggingProviderImpl$LogManagerAccess
Event: 7.677 Loading class sun/util/logging/internal/LoggingProviderImpl$LogManagerAccess done
Event: 7.677 Loading class jdk/internal/logger/BootstrapLogger$LoggingBackend
Event: 7.677 Loading class jdk/internal/logger/BootstrapLogger$LoggingBackend done
Event: 7.677 Loading class jdk/internal/logger/LazyLoggers$JdkLazyLogger
Event: 7.677 Loading class jdk/internal/logger/LazyLoggers$LazyLoggerWrapper
Event: 7.677 Loading class jdk/internal/logger/AbstractLoggerWrapper
Event: 7.677 Loading class jdk/internal/logger/AbstractLoggerWrapper done
Event: 7.677 Loading class jdk/internal/logger/LazyLoggers$LazyLoggerWrapper done
Event: 7.677 Loading class jdk/internal/logger/LazyLoggers$JdkLazyLogger done
Event: 7.677 Loading class jdk/internal/logger/LazyLoggers$LazyLoggerAccessor
Event: 7.677 Loading class jdk/internal/logger/LazyLoggers$LoggerAccessor
Event: 7.677 Loading class jdk/internal/logger/LazyLoggers$LoggerAccessor done
Event: 7.677 Loading class jdk/internal/logger/LazyLoggers$LazyLoggerAccessor done
Event: 7.678 Loading class java/lang/runtime/ObjectMethods
Event: 7.679 Loading class java/lang/runtime/ObjectMethods done
Event: 7.679 Loading class java/lang/invoke/MethodHandleImpl$AsVarargsCollector
Event: 7.679 Loading class java/lang/invoke/MethodHandleImpl$AsVarargsCollector done

Classes unloaded (0 events):
No events

Classes redefined (0 events):
No events

Internal exceptions (5 events):
Event: 3.362 Thread 0x000001acbd2a2780 Exception <a 'sun/nio/fs/WindowsException'{0x0000000091512140}> (0x0000000091512140) 
thrown [s\src\hotspot\share\prims\jni.cpp, line 537]
Event: 4.543 Thread 0x000001acbd2a2780 Exception <a 'java/lang/NoSuchMethodError'{0x00000000914a6080}: 'java.lang.Object java.lang.invoke.DirectMethodHandle$Holder.invokeStaticInit(java.lang.Object, java.lang.Object, int, int, int, int)'> (0x00000000914a6080) 
thrown [s\src\hotspot\share\interpreter\linkResolver.cpp, line 784]
Event: 6.628 Thread 0x000001acbd2a2780 Exception <a 'java/lang/NoSuchMethodError'{0x00000000913674b0}: 'java.lang.Object java.lang.invoke.DirectMethodHandle$Holder.invokeStaticInit(java.lang.Object, java.lang.Object, int)'> (0x00000000913674b0) 
thrown [s\src\hotspot\share\interpreter\linkResolver.cpp, line 784]
Event: 6.629 Thread 0x000001acbd2a2780 Exception <a 'java/lang/NoSuchMethodError'{0x000000009136d3b8}: 'java.lang.Object java.lang.invoke.DirectMethodHandle$Holder.newInvokeSpecial(java.lang.Object, java.lang.Object, int)'> (0x000000009136d3b8) 
thrown [s\src\hotspot\share\interpreter\linkResolver.cpp, line 784]
Event: 6.633 Thread 0x000001acbd2a2780 Exception <a 'java/lang/NoSuchMethodError'{0x0000000091383190}: 'int java.lang.invoke.DirectMethodHandle$Holder.invokeSpecialIFC(java.lang.Object, java.lang.Object, java.lang.Object)'> (0x0000000091383190) 
thrown [s\src\hotspot\share\interpreter\linkResolver.cpp, line 784]

ZGC Phase Switch (0 events):
No events

VM Operations (12 events):
Event: 3.206 Executing VM operation: HandshakeAllThreads (Deoptimize)
Event: 3.206 Executing VM operation: HandshakeAllThreads (Deoptimize) done
Event: 3.219 Executing VM operation: HandshakeAllThreads (Deoptimize)
Event: 3.219 Executing VM operation: HandshakeAllThreads (Deoptimize) done
Event: 4.222 Executing VM operation: Cleanup
Event: 4.395 Executing VM operation: Cleanup done
Event: 4.478 Executing VM operation: HandshakeAllThreads (Deoptimize)
Event: 4.478 Executing VM operation: HandshakeAllThreads (Deoptimize) done
Event: 5.487 Executing VM operation: Cleanup
Event: 5.578 Executing VM operation: Cleanup done
Event: 7.593 Executing VM operation: Cleanup
Event: 7.672 Executing VM operation: Cleanup done

Memory protections (0 events):
No events

Nmethod flushes (0 events):
No events

Events (16 events):
Event: 3.036 Thread 0x000001acbd2a2780 Thread added: 0x000001acbd2a2780
Event: 3.114 Thread 0x000001acbd2a2780 Thread added: 0x000001acdc07d680
Event: 3.123 Thread 0x000001acbd2a2780 Thread added: 0x000001acdc08e070
Event: 3.123 Thread 0x000001acbd2a2780 Thread added: 0x000001acdc089470
Event: 3.124 Thread 0x000001acbd2a2780 Thread added: 0x000001acdc08aa90
Event: 3.124 Thread 0x000001acbd2a2780 Thread added: 0x000001acdc08b4f0
Event: 3.124 Thread 0x000001acbd2a2780 Thread added: 0x000001acdc08bf50
Event: 3.124 Thread 0x000001acbd2a2780 Thread added: 0x000001acdc08c9b0
Event: 3.124 Thread 0x000001acbd2a2780 Thread added: 0x000001acdc08d540
Event: 3.124 Thread 0x000001acbd2a2780 Thread added: 0x000001acdc0f4880
Event: 3.165 Thread 0x000001acbd2a2780 Thread added: 0x000001acdc299890
Event: 3.183 Loaded shared library C:\Program Files\JetBrains\IntelliJ IDEA Community Edition 2025.2.1\jbr\bin\net.dll
Event: 3.186 Loaded shared library C:\Program Files\JetBrains\IntelliJ IDEA Community Edition 2025.2.1\jbr\bin\nio.dll
Event: 3.198 Loaded shared library C:\Program Files\JetBrains\IntelliJ IDEA Community Edition 2025.2.1\jbr\bin\zip.dll
Event: 3.291 Loaded shared library C:\Program Files\JetBrains\IntelliJ IDEA Community Edition 2025.2.1\jbr\bin\jimage.dll
Event: 3.313 Loaded shared library C:\Program Files\JetBrains\IntelliJ IDEA Community Edition 2025.2.1\jbr\bin\sunmscapi.dll


Dynamic libraries:
0x00007ff796300000 - 0x00007ff79630a000 	C:\Program Files\JetBrains\IntelliJ IDEA Community Edition 2025.2.1\jbr\bin\java.exe
0x00007ff84e280000 - 0x00007ff84e4e8000 	C:\WINDOWS\SYSTEM32\ntdll.dll
0x00007ff84c470000 - 0x00007ff84c539000 	C:\WINDOWS\System32\KERNEL32.DLL
0x00007ff84b4b0000 - 0x00007ff84b8a2000 	C:\WINDOWS\System32\KERNELBASE.dll
0x00007ff84b8b0000 - 0x00007ff84b9fb000 	C:\WINDOWS\System32\ucrtbase.dll
0x00007ff83dd50000 - 0x00007ff83dd6b000 	C:\Program Files\JetBrains\IntelliJ IDEA Community Edition 2025.2.1\jbr\bin\VCRUNTIME140.dll
0x00007ff82ba10000 - 0x00007ff82ba28000 	C:\Program Files\JetBrains\IntelliJ IDEA Community Edition 2025.2.1\jbr\bin\jli.dll
0x00007ff84de00000 - 0x00007ff84dfc5000 	C:\WINDOWS\System32\USER32.dll
0x00007ff84bd60000 - 0x00007ff84bd87000 	C:\WINDOWS\System32\win32u.dll
0x00007ff84c050000 - 0x00007ff84c07b000 	C:\WINDOWS\System32\GDI32.dll
0x00007ff83c4f0000 - 0x00007ff83c783000 	C:\WINDOWS\WinSxS\amd64_microsoft.windows.common-controls_6595b64144ccf1df_6.0.26100.6899_none_3e0efeeae32e88c1\COMCTL32.dll
0x00007ff84bc30000 - 0x00007ff84bd5d000 	C:\WINDOWS\System32\gdi32full.dll
0x00007ff84c080000 - 0x00007ff84c129000 	C:\WINDOWS\System32\msvcrt.dll
0x00007ff84be20000 - 0x00007ff84bec3000 	C:\WINDOWS\System32\msvcp_win.dll
0x00007ff84c2d0000 - 0x00007ff84c2ff000 	C:\WINDOWS\System32\IMM32.DLL
0x00007ff8479c0000 - 0x00007ff8479cc000 	C:\Program Files\JetBrains\IntelliJ IDEA Community Edition 2025.2.1\jbr\bin\vcruntime140_1.dll
0x00007ffffc050000 - 0x00007ffffc0dd000 	C:\Program Files\JetBrains\IntelliJ IDEA Community Edition 2025.2.1\jbr\bin\msvcp140.dll
0x00007fff77d40000 - 0x00007fff78b0b000 	C:\Program Files\JetBrains\IntelliJ IDEA Community Edition 2025.2.1\jbr\bin\server\jvm.dll
0x00007ff84dce0000 - 0x00007ff84dd94000 	C:\WINDOWS\System32\ADVAPI32.dll
0x00007ff84dfd0000 - 0x00007ff84e076000 	C:\WINDOWS\System32\sechost.dll
0x00007ff84d670000 - 0x00007ff84d788000 	C:\WINDOWS\System32\RPCRT4.dll
0x00007ff84c150000 - 0x00007ff84c1c4000 	C:\WINDOWS\System32\WS2_32.dll
0x00007ff84b270000 - 0x00007ff84b2ce000 	C:\WINDOWS\SYSTEM32\POWRPROF.dll
0x00007ff844870000 - 0x00007ff84487b000 	C:\WINDOWS\SYSTEM32\VERSION.dll
0x00007ff848660000 - 0x00007ff848695000 	C:\WINDOWS\SYSTEM32\WINMM.dll
0x00007ff84b250000 - 0x00007ff84b264000 	C:\WINDOWS\SYSTEM32\UMPDC.dll
0x00007ff84a1e0000 - 0x00007ff84a1fb000 	C:\WINDOWS\SYSTEM32\kernel.appcore.dll
0x00007ff8479b0000 - 0x00007ff8479ba000 	C:\Program Files\JetBrains\IntelliJ IDEA Community Edition 2025.2.1\jbr\bin\jimage.dll
0x00007ff848ac0000 - 0x00007ff848d02000 	C:\WINDOWS\SYSTEM32\DBGHELP.DLL
0x00007ff84d0b0000 - 0x00007ff84d42b000 	C:\WINDOWS\System32\combase.dll
0x00007ff84cfd0000 - 0x00007ff84d0a7000 	C:\WINDOWS\System32\OLEAUT32.dll
0x00007ff8485d0000 - 0x00007ff84860c000 	C:\WINDOWS\SYSTEM32\dbgcore.DLL
0x00007ff84b410000 - 0x00007ff84b4a8000 	C:\WINDOWS\System32\bcryptPrimitives.dll
0x00007ff83d8c0000 - 0x00007ff83d8e0000 	C:\Program Files\JetBrains\IntelliJ IDEA Community Edition 2025.2.1\jbr\bin\java.dll
0x00007ff82af10000 - 0x00007ff82af28000 	C:\Program Files\JetBrains\IntelliJ IDEA Community Edition 2025.2.1\jbr\bin\zip.dll
0x00007ff84c770000 - 0x00007ff84cebd000 	C:\WINDOWS\System32\SHELL32.dll
0x00007ff84ba00000 - 0x00007ff84bb6b000 	C:\WINDOWS\System32\wintypes.dll
0x00007ff849060000 - 0x00007ff8498bd000 	C:\WINDOWS\SYSTEM32\windows.storage.dll
0x00007ff84c1d0000 - 0x00007ff84c2c2000 	C:\WINDOWS\System32\SHCORE.dll
0x00007ff84c540000 - 0x00007ff84c5a2000 	C:\WINDOWS\System32\shlwapi.dll
0x00007ff84b330000 - 0x00007ff84b359000 	C:\WINDOWS\SYSTEM32\profapi.dll
0x00007ff83a8f0000 - 0x00007ff83a900000 	C:\Program Files\JetBrains\IntelliJ IDEA Community Edition 2025.2.1\jbr\bin\net.dll
0x00007ff843ef0000 - 0x00007ff84400f000 	C:\WINDOWS\SYSTEM32\WINHTTP.dll
0x00007ff84a750000 - 0x00007ff84a7bb000 	C:\WINDOWS\system32\mswsock.dll
0x00007ff82aef0000 - 0x00007ff82af06000 	C:\Program Files\JetBrains\IntelliJ IDEA Community Edition 2025.2.1\jbr\bin\nio.dll
0x00007ff8245f0000 - 0x00007ff8245fe000 	C:\Program Files\JetBrains\IntelliJ IDEA Community Edition 2025.2.1\jbr\bin\sunmscapi.dll
0x00007ff84bed0000 - 0x00007ff84c047000 	C:\WINDOWS\System32\CRYPT32.dll
0x00007ff84ac20000 - 0x00007ff84ac50000 	C:\WINDOWS\SYSTEM32\ncrypt.dll
0x00007ff84abd0000 - 0x00007ff84ac0f000 	C:\WINDOWS\SYSTEM32\NTASN1.dll
0x00007ff84aa00000 - 0x00007ff84aa1b000 	C:\WINDOWS\SYSTEM32\CRYPTSP.dll
0x00007ff84a140000 - 0x00007ff84a17b000 	C:\WINDOWS\system32\rsaenh.dll
0x00007ff84a7f0000 - 0x00007ff84a81b000 	C:\WINDOWS\SYSTEM32\USERENV.dll
0x00007ff84b300000 - 0x00007ff84b326000 	C:\WINDOWS\SYSTEM32\bcrypt.dll
0x00007ff84aa20000 - 0x00007ff84aa2c000 	C:\WINDOWS\SYSTEM32\CRYPTBASE.dll
0x00007ff849c30000 - 0x00007ff849c64000 	C:\WINDOWS\SYSTEM32\IPHLPAPI.DLL
0x00007ff84d430000 - 0x00007ff84d43a000 	C:\WINDOWS\System32\NSI.dll

JVMTI agents: none

dbghelp: loaded successfully - version: 4.0.5 - missing functions: none
symbol engine: initialized successfully - sym options: 0x614 - pdb path: .;C:\Program Files\JetBrains\IntelliJ IDEA Community Edition 2025.2.1\jbr\bin;C:\WINDOWS\SYSTEM32;C:\WINDOWS\WinSxS\amd64_microsoft.windows.common-controls_6595b64144ccf1df_6.0.26100.6899_none_3e0efeeae32e88c1;C:\Program Files\JetBrains\IntelliJ IDEA Community Edition 2025.2.1\jbr\bin\server

VM Arguments:
java_command: git4idea.http.GitAskPassApp Username for 'https://github.com': 
java_class_path (initial): C:/Program Files/JetBrains/IntelliJ IDEA Community Edition 2025.2.1/plugins/vcs-git/lib/git4idea-rt.jar;C:/Program Files/JetBrains/IntelliJ IDEA Community Edition 2025.2.1/lib/externalProcess-rt.jar
Launcher Type: SUN_STANDARD

[Global flags]
     intx CICompilerCount                          = 4                                         {product} {ergonomic}
     uint ConcGCThreads                            = 3                                         {product} {ergonomic}
     uint G1ConcRefinementThreads                  = 10                                        {product} {ergonomic}
   size_t G1HeapRegionSize                         = 1048576                                   {product} {ergonomic}
    uintx GCDrainStackTargetSize                   = 64                                        {product} {ergonomic}
   size_t InitialHeapSize                          = 123731968                                 {product} {ergonomic}
   size_t MarkStackSize                            = 4194304                                   {product} {ergonomic}
   size_t MaxHeapSize                              = 1975517184                                {product} {ergonomic}
   size_t MaxNewSize                               = 1184890880                                {product} {ergonomic}
   size_t MinHeapDeltaBytes                        = 1048576                                   {product} {ergonomic}
   size_t MinHeapSize                              = 8388608                                   {product} {ergonomic}
    uintx NonNMethodCodeHeapSize                   = 5839372                                {pd product} {ergonomic}
    uintx NonProfiledCodeHeapSize                  = 122909434                              {pd product} {ergonomic}
    uintx ProfiledCodeHeapSize                     = 122909434                              {pd product} {ergonomic}
    uintx ReservedCodeCacheSize                    = 251658240                              {pd product} {ergonomic}
     bool SegmentedCodeCache                       = true                                      {product} {ergonomic}
   size_t SoftMaxHeapSize                          = 1975517184                             {manageable} {ergonomic}
     bool UseCompressedOops                        = true                           {product lp64_product} {ergonomic}
     bool UseG1GC                                  = true                                      {product} {ergonomic}
     bool UseLargePagesIndividualAllocation        = false                                  {pd product} {ergonomic}

Logging:
Log output configuration:
 #0: stdout all=warning uptime,level,tags foldmultilines=false
 #1: stderr all=off uptime,level,tags foldmultilines=false

Environment Variables:
PATH=C:/Program Files/Git/mingw64/libexec/git-core;C:/Program Files/Git/mingw64/libexec/git-core;C:\Program Files\Git\mingw64\bin;C:\Program Files\Git\usr\bin;C:\Users\beimn\bin;C:\Program Files\Common Files\Oracle\Java\javapath;C:\WINDOWS\system32;C:\WINDOWS;C:\WINDOWS\System32\Wbem;C:\WINDOWS\System32\WindowsPowerShell\v1.0\;C:\WINDOWS\System32\OpenSSH\;C:\Program Files\dotnet\;C:\Program Files\Git\cmd;C:\Users\beimn\AppData\Local\Microsoft\WindowsApps;C:\Program Files\JetBrains\IntelliJ IDEA Community Edition 2025.2.1\bin
USERNAME=beimn
DISPLAY=:0.0
LC_ALL=en_US.UTF-8
TERM=xterm-256color
TMPDIR=C:\Users\beimn\AppData\Local\Temp
OS=Windows_NT
PROCESSOR_IDENTIFIER=AMD64 Family 25 Model 80 Stepping 0, AuthenticAMD
TMP=C:\Users\beimn\AppData\Local\Temp
TEMP=C:\Users\beimn\AppData\Local\Temp




Periodic native trim disabled

JNI global refs:
JNI global refs: 18, weak refs: 0

JNI global refs memory usage: 835, weak refs: 201

Process memory usage:
Resident Set Size: 55324K (0% of 7708932K total physical memory with 416608K free physical memory)

OOME stack traces (most recent first):
Classloader memory used:
Loader bootstrap                                                                       : 11594K
Loader jdk.internal.loader.ClassLoaders$PlatformClassLoader                            : 416K
Loader jdk.internal.loader.ClassLoaders$AppClassLoader                                 : 25696B

---------------  S Y S T E M  ---------------

OS:
 Windows 11 , 64 bit Build 26100 (10.0.26100.6725)
OS uptime: 25 days 9:51 hours
Hyper-V role detected

CPU: total 12 (initial active 12) (12 cores per cpu, 2 threads per core) family 25 model 80 stepping 0 microcode 0xa500014, cx8, cmov, fxsr, ht, mmx, 3dnowpref, sse, sse2, sse3, ssse3, sse4a, sse4.1, sse4.2, popcnt, lzcnt, tsc, tscinvbit, avx, avx2, aes, erms, clmul, bmi1, bmi2, adx, sha, fma, vzeroupper, clflush, clflushopt, hv, rdtscp, rdpid, fsrm, f16c, cet_ss
Processor Information for processor 0
  Max Mhz: 2301, Current Mhz: 2301, Mhz Limit: 2301
Processor Information for processor 1
  Max Mhz: 2301, Current Mhz: 1798, Mhz Limit: 2301
Processor Information for processor 2
  Max Mhz: 2301, Current Mhz: 1798, Mhz Limit: 2301
Processor Information for processor 3
  Max Mhz: 2301, Current Mhz: 1798, Mhz Limit: 2301
Processor Information for processor 4
  Max Mhz: 2301, Current Mhz: 1798, Mhz Limit: 2301
Processor Information for processor 5
  Max Mhz: 2301, Current Mhz: 1798, Mhz Limit: 2301
Processor Information for processor 6
  Max Mhz: 2301, Current Mhz: 1798, Mhz Limit: 2301
Processor Information for processor 7
  Max Mhz: 2301, Current Mhz: 2301, Mhz Limit: 2301
Processor Information for processor 8
  Max Mhz: 2301, Current Mhz: 1798, Mhz Limit: 2301
Processor Information for processor 9
  Max Mhz: 2301, Current Mhz: 2301, Mhz Limit: 2301
Processor Information for processor 10
  Max Mhz: 2301, Current Mhz: 1798, Mhz Limit: 2301
Processor Information for processor 11
  Max Mhz: 2301, Current Mhz: 1798, Mhz Limit: 2301

Memory: 4k page, system-wide physical 7528M (406M free)
TotalPageFile size 31080M (AvailPageFile size 1M)
current process WorkingSet (physical memory assigned to process): 54M, peak: 55M
current process commit charge ("private bytes"): 206M, peak: 208M

vm_info: OpenJDK 64-Bit Server VM (21.0.8+1-b1038.68) for windows-amd64 JRE (21.0.8+1-b1038.68), built on 2025-07-24 by "builduser" with MS VC++ 16.10 / 16.11 (VS2019)

END.
